<?xml version="1.0" encoding="utf-8"?><testsuites><testsuite name="pytest" errors="0" failures="0" skipped="0" tests="50" time="287.340" timestamp="2023-02-06T20:32:52.775051" hostname="C02Z85AULVDC"><testcase classname="tests.test_2p" name="test_create_yaml" time="5.716" /><testcase classname="tests.test_2p" name="test_parse_yaml" time="2.223" /><testcase classname="tests.test_2p" name="test_flm" time="6.521" /><testcase classname="tests.test_barseq" name="test_create_yaml" time="1.749" /><testcase classname="tests.test_barseq" name="test_parse_yaml" time="3.770" /><testcase classname="tests.test_barseq" name="test_flm" time="10.110" /><testcase classname="tests.test_brainsaw" name="test_create_yaml" time="0.002" /><testcase classname="tests.test_brainsaw" name="test_parse_yaml" time="0.001" /><testcase classname="tests.test_brainsaw" name="test_flm" time="0.001" /><testcase classname="tests.test_components.test_cli" name="test_config" time="0.400" /><testcase classname="tests.test_components.test_cli" name="test_add_password" time="0.022" /><testcase classname="tests.test_components.test_cli" name="test_create_yaml" time="0.518" /><testcase classname="tests.test_components.test_cli" name="test_make_full_yaml" time="4.578" /><testcase classname="tests.test_components.test_cli" name="test_upload" time="10.042" /><testcase classname="tests.test_components.test_cli" name="test_flm_issues" time="20.011" /><testcase classname="tests.test_components.test_main" name="test_get_flexilims_session" time="0.387" /><testcase classname="tests.test_components.test_main" name="test_format_results" time="0.003" /><testcase classname="tests.test_components.test_main" name="test_get_experimental_sessions" time="0.246" /><testcase classname="tests.test_components.test_main" name="test_get_entities" time="0.372" /><testcase classname="tests.test_components.test_main" name="test_get_entity" time="0.059" /><testcase classname="tests.test_components.test_main" name="test_get_mouse_id" time="0.137" /><testcase classname="tests.test_components.test_main" name="test_generate_name" time="0.689" /><testcase classname="tests.test_components.test_main" name="test_get_children" time="0.708" /><testcase classname="tests.test_components.test_main" name="test_add_entity" time="0.516" /><testcase classname="tests.test_components.test_main" name="test_update_entity" time="1.228" /><testcase classname="tests.test_components.test_mcms" name="test_download_mouse" time="27.967" /><testcase classname="tests.test_components.test_mcms" name="test_get_mouse_df" time="27.108" /><testcase classname="tests.test_components.test_utils" name="test_create_config" time="0.100" /><testcase classname="tests.test_components.test_utils" name="test_update_config" time="0.612" /><testcase classname="tests.test_components.test_utils" name="test_passwd_creation" time="0.015" /><testcase classname="tests.test_components.test_utils" name="test_check_flexilims_paths" time="25.808" /><testcase classname="tests.test_components.test_utils" name="test_check_flexilims_names" time="24.742" /><testcase classname="tests.test_components.test_utils" name="test_add_genealogy" time="74.363" /><testcase classname="tests.test_components.test_utils" name="test_add_missing_paths" time="11.210" /><testcase classname="tests.test_components.test_utils" name="test_check_attribute" time="19.338" /><testcase classname="tests.test_components.tests_schema.test_camera_data" name="test_create_directly" time="0.003" /><testcase classname="tests.test_components.tests_schema.test_camera_data" name="test_create_from_folder" time="0.389" /><testcase classname="tests.test_components.tests_schema.test_camera_data" name="test_create_from_flexilims" time="0.755" /><testcase classname="tests.test_components.tests_schema.test_datasets" name="test_dataset" time="0.002" /><testcase classname="tests.test_components.tests_schema.test_datasets" name="test_constructor" time="0.002" /><testcase classname="tests.test_components.tests_schema.test_datasets" name="test_dataset_flexilims_integration" time="0.317" /><testcase classname="tests.test_components.tests_schema.test_datasets" name="test_from_flexilims" time="0.329" /><testcase classname="tests.test_components.tests_schema.test_datasets" name="test_from_origin" time="0.532" /><testcase classname="tests.test_components.tests_schema.test_datasets" name="test_update_flexilims" time="2.544" /><testcase classname="tests.test_components.tests_schema.test_datasets" name="test_dataset_paths" time="0.142" /><testcase classname="tests.test_components.tests_schema.test_datasets" name="test_project_project_id" time="0.002" /><testcase classname="tests.test_components.tests_schema.test_datasets" name="test_dataset_type_enforcer" time="0.002" /><testcase classname="tests.test_components.tests_schema.test_harp" name="test_harp" time="0.324" /><testcase classname="tests.test_components.tests_schema.test_microscopy_data" name="test_from_folder" time="0.088" /><testcase classname="tests.test_components.tests_schema.test_scanimage_data" name="test_scanimage" time="0.443" /></testsuite></testsuites>