<?xml version="1.0" encoding="utf-8"?><testsuites><testsuite name="pytest" errors="0" failures="0" skipped="0" tests="49" time="247.176" timestamp="2022-06-04T16:41:50.762364" hostname="C02Z85AULVDC"><testcase classname="tests.test_2p" name="test_create_yaml" time="8.129" /><testcase classname="tests.test_2p" name="test_parse_yaml" time="3.442" /><testcase classname="tests.test_2p" name="test_flm" time="7.325" /><testcase classname="tests.test_barseq" name="test_create_yaml" time="1.860" /><testcase classname="tests.test_barseq" name="test_parse_yaml" time="4.275" /><testcase classname="tests.test_barseq" name="test_flm" time="10.400" /><testcase classname="tests.test_brainsaw" name="test_create_yaml" time="0.002" /><testcase classname="tests.test_brainsaw" name="test_parse_yaml" time="0.001" /><testcase classname="tests.test_brainsaw" name="test_flm" time="0.001" /><testcase classname="tests.test_components.test_cli" name="test_config" time="0.028" /><testcase classname="tests.test_components.test_cli" name="test_add_password" time="0.024" /><testcase classname="tests.test_components.test_cli" name="test_create_yaml" time="0.473" /><testcase classname="tests.test_components.test_cli" name="test_make_full_yaml" time="8.103" /><testcase classname="tests.test_components.test_cli" name="test_upload" time="13.194" /><testcase classname="tests.test_components.test_cli" name="test_flm_issues" time="11.987" /><testcase classname="tests.test_components.test_main" name="test_get_flexilims_session" time="0.185" /><testcase classname="tests.test_components.test_main" name="test_format_results" time="0.003" /><testcase classname="tests.test_components.test_main" name="test_get_experimental_sessions" time="0.200" /><testcase classname="tests.test_components.test_main" name="test_get_entities" time="0.288" /><testcase classname="tests.test_components.test_main" name="test_get_entity" time="0.052" /><testcase classname="tests.test_components.test_main" name="test_get_mouse_id" time="0.111" /><testcase classname="tests.test_components.test_main" name="test_generate_name" time="0.518" /><testcase classname="tests.test_components.test_main" name="test_get_children" time="0.404" /><testcase classname="tests.test_components.test_main" name="test_add_entity" time="0.466" /><testcase classname="tests.test_components.test_main" name="test_update_entity" time="0.954" /><testcase classname="tests.test_components.test_mcms" name="test_download_mouse" time="26.466" /><testcase classname="tests.test_components.test_mcms" name="test_get_mouse_df" time="25.412" /><testcase classname="tests.test_components.test_utils" name="test_create_config" time="0.096" /><testcase classname="tests.test_components.test_utils" name="test_update_config" time="0.025" /><testcase classname="tests.test_components.test_utils" name="test_passwd_creation" time="0.015" /><testcase classname="tests.test_components.test_utils" name="test_check_flexilims_paths" time="12.895" /><testcase classname="tests.test_components.test_utils" name="test_check_flexilims_names" time="12.101" /><testcase classname="tests.test_components.test_utils" name="test_add_genealogy" time="73.625" /><testcase classname="tests.test_components.test_utils" name="test_add_missing_paths" time="6.060" /><testcase classname="tests.test_components.test_utils" name="test_check_attribute" time="12.859" /><testcase classname="tests.test_components.tests_schema.test_camera_data" name="test_create_directly" time="0.003" /><testcase classname="tests.test_components.tests_schema.test_camera_data" name="test_create_from_folder" time="0.325" /><testcase classname="tests.test_components.tests_schema.test_camera_data" name="test_create_from_flexilims" time="0.706" /><testcase classname="tests.test_components.tests_schema.test_datasets" name="test_dataset" time="0.002" /><testcase classname="tests.test_components.tests_schema.test_datasets" name="test_constructor" time="0.002" /><testcase classname="tests.test_components.tests_schema.test_datasets" name="test_dataset_flexilims_integration" time="0.252" /><testcase classname="tests.test_components.tests_schema.test_datasets" name="test_from_flexilims" time="0.231" /><testcase classname="tests.test_components.tests_schema.test_datasets" name="test_from_origin" time="0.423" /><testcase classname="tests.test_components.tests_schema.test_datasets" name="test_update_flexilims" time="2.065" /><testcase classname="tests.test_components.tests_schema.test_datasets" name="test_dataset_paths" time="0.113" /><testcase classname="tests.test_components.tests_schema.test_datasets" name="test_project_project_id" time="0.002" /><testcase classname="tests.test_components.tests_schema.test_harp" name="test_harp" time="0.256" /><testcase classname="tests.test_components.tests_schema.test_microscopy_data" name="test_from_folder" time="0.074" /><testcase classname="tests.test_components.tests_schema.test_scanimage_data" name="test_scanimage" time="0.521" /></testsuite></testsuites>