<?xml version="1.0" encoding="utf-8"?><testsuites><testsuite name="pytest" errors="0" failures="0" skipped="4" tests="49" time="125.422" timestamp="2022-06-04T15:46:35.962191" hostname="C02Z85AULVDC"><testcase classname="tests.test_2p" name="test_create_yaml" time="8.252" /><testcase classname="tests.test_2p" name="test_parse_yaml" time="3.579" /><testcase classname="tests.test_2p" name="test_flm" time="6.941" /><testcase classname="tests.test_barseq" name="test_create_yaml" time="1.765" /><testcase classname="tests.test_barseq" name="test_parse_yaml" time="4.358" /><testcase classname="tests.test_barseq" name="test_flm" time="9.973" /><testcase classname="tests.test_brainsaw" name="test_create_yaml" time="0.002" /><testcase classname="tests.test_brainsaw" name="test_parse_yaml" time="0.002" /><testcase classname="tests.test_brainsaw" name="test_flm" time="0.001" /><testcase classname="tests.test_components.test_cli" name="test_config" time="0.041" /><testcase classname="tests.test_components.test_cli" name="test_add_password" time="0.019" /><testcase classname="tests.test_components.test_cli" name="test_create_yaml" time="0.502" /><testcase classname="tests.test_components.test_cli" name="test_make_full_yaml" time="8.643" /><testcase classname="tests.test_components.test_cli" name="test_upload" time="12.971" /><testcase classname="tests.test_components.test_cli" name="test_flm_issues" time="15.391" /><testcase classname="tests.test_components.test_main" name="test_get_flexilims_session" time="0.181" /><testcase classname="tests.test_components.test_main" name="test_format_results" time="0.002" /><testcase classname="tests.test_components.test_main" name="test_get_experimental_sessions" time="0.208" /><testcase classname="tests.test_components.test_main" name="test_get_entities" time="0.351" /><testcase classname="tests.test_components.test_main" name="test_get_entity" time="0.047" /><testcase classname="tests.test_components.test_main" name="test_get_mouse_id" time="0.106" /><testcase classname="tests.test_components.test_main" name="test_generate_name" time="0.520" /><testcase classname="tests.test_components.test_main" name="test_get_children" time="0.413" /><testcase classname="tests.test_components.test_main" name="test_add_entity" time="0.467" /><testcase classname="tests.test_components.test_main" name="test_update_entity" time="0.953" /><testcase classname="tests.test_components.test_mcms" name="test_download_mouse" time="0.001"><skipped type="pytest.skip" message="need --runslow option to run">/Users/blota/code/flexiznam/tests/test_components/test_mcms.py:7: need --runslow option to run</skipped></testcase><testcase classname="tests.test_components.test_mcms" name="test_get_mouse_df" time="0.001"><skipped type="pytest.skip" message="need --runslow option to run">/Users/blota/code/flexiznam/tests/test_components/test_mcms.py:13: need --runslow option to run</skipped></testcase><testcase classname="tests.test_components.test_utils" name="test_create_config" time="0.020" /><testcase classname="tests.test_components.test_utils" name="test_update_config" time="0.021" /><testcase classname="tests.test_components.test_utils" name="test_passwd_creation" time="0.015" /><testcase classname="tests.test_components.test_utils" name="test_check_flexilims_paths" time="18.444" /><testcase classname="tests.test_components.test_utils" name="test_check_flexilims_names" time="17.562" /><testcase classname="tests.test_components.test_utils" name="test_add_genealogy" time="0.001"><skipped type="pytest.skip" message="need --runslow option to run">/Users/blota/code/flexiznam/tests/test_components/test_utils.py:71: need --runslow option to run</skipped></testcase><testcase classname="tests.test_components.test_utils" name="test_add_missing_paths" time="8.334" /><testcase classname="tests.test_components.test_utils" name="test_check_attribute" time="0.001"><skipped type="pytest.skip" message="need --runslow option to run">/Users/blota/code/flexiznam/tests/test_components/test_utils.py:83: need --runslow option to run</skipped></testcase><testcase classname="tests.test_components.tests_schema.test_camera_data" name="test_create_directly" time="0.002" /><testcase classname="tests.test_components.tests_schema.test_camera_data" name="test_create_from_folder" time="0.304" /><testcase classname="tests.test_components.tests_schema.test_camera_data" name="test_create_from_flexilims" time="0.700" /><testcase classname="tests.test_components.tests_schema.test_datasets" name="test_dataset" time="0.002" /><testcase classname="tests.test_components.tests_schema.test_datasets" name="test_constructor" time="0.002" /><testcase classname="tests.test_components.tests_schema.test_datasets" name="test_dataset_flexilims_integration" time="0.246" /><testcase classname="tests.test_components.tests_schema.test_datasets" name="test_from_flexilims" time="0.241" /><testcase classname="tests.test_components.tests_schema.test_datasets" name="test_from_origin" time="0.394" /><testcase classname="tests.test_components.tests_schema.test_datasets" name="test_update_flexilims" time="1.958" /><testcase classname="tests.test_components.tests_schema.test_datasets" name="test_dataset_paths" time="0.109" /><testcase classname="tests.test_components.tests_schema.test_datasets" name="test_project_project_id" time="0.002" /><testcase classname="tests.test_components.tests_schema.test_harp" name="test_harp" time="0.317" /><testcase classname="tests.test_components.tests_schema.test_microscopy_data" name="test_from_folder" time="0.109" /><testcase classname="tests.test_components.tests_schema.test_scanimage_data" name="test_scanimage" time="0.733" /></testsuite></testsuites>