<?xml version="1.0" encoding="utf-8"?><testsuites><testsuite name="pytest" errors="0" failures="0" skipped="4" tests="47" time="161.440" timestamp="2023-04-13T12:17:19.794821" hostname="FM70R4W0XG"><testcase classname="tests.test_2p" name="test_create_yaml" time="3.285" /><testcase classname="tests.test_2p" name="test_parse_yaml" time="1.372" /><testcase classname="tests.test_2p" name="test_flm" time="6.967" /><testcase classname="tests.test_barseq" name="test_create_yaml" time="0.998" /><testcase classname="tests.test_barseq" name="test_parse_yaml" time="1.492" /><testcase classname="tests.test_barseq" name="test_flm" time="9.989" /><testcase classname="tests.test_components.test_cli" name="test_config" time="0.445" /><testcase classname="tests.test_components.test_cli" name="test_add_password" time="0.033" /><testcase classname="tests.test_components.test_cli" name="test_create_yaml" time="0.244" /><testcase classname="tests.test_components.test_cli" name="test_make_full_yaml" time="2.478" /><testcase classname="tests.test_components.test_cli" name="test_upload" time="9.061" /><testcase classname="tests.test_components.test_cli" name="test_flm_issues" time="28.984" /><testcase classname="tests.test_components.test_main" name="test_get_flexilims_session" time="0.328" /><testcase classname="tests.test_components.test_main" name="test_format_results" time="0.020" /><testcase classname="tests.test_components.test_main" name="test_get_experimental_sessions" time="0.370" /><testcase classname="tests.test_components.test_main" name="test_get_entities" time="0.692" /><testcase classname="tests.test_components.test_main" name="test_get_entity" time="0.054" /><testcase classname="tests.test_components.test_main" name="test_get_mouse_id" time="0.192" /><testcase classname="tests.test_components.test_main" name="test_generate_name" time="1.044" /><testcase classname="tests.test_components.test_main" name="test_get_children" time="0.824" /><testcase classname="tests.test_components.test_main" name="test_add_entity" time="0.821" /><testcase classname="tests.test_components.test_main" name="test_update_entity" time="1.265" /><testcase classname="tests.test_components.test_mcms" name="test_download_mouse" time="0.005"><skipped type="pytest.skip" message="need --runslow option to run">/Users/blota/Documents/code/flexiznam/tests/test_components/test_mcms.py:7: need --runslow option to run</skipped></testcase><testcase classname="tests.test_components.test_mcms" name="test_get_mouse_df" time="0.005"><skipped type="pytest.skip" message="need --runslow option to run">/Users/blota/Documents/code/flexiznam/tests/test_components/test_mcms.py:13: need --runslow option to run</skipped></testcase><testcase classname="tests.test_components.test_utils" name="test_create_config" time="0.059" /><testcase classname="tests.test_components.test_utils" name="test_update_config" time="0.613" /><testcase classname="tests.test_components.test_utils" name="test_passwd_creation" time="0.061" /><testcase classname="tests.test_components.test_utils" name="test_check_flexilims_paths" time="34.834" /><testcase classname="tests.test_components.test_utils" name="test_check_flexilims_names" time="34.119" /><testcase classname="tests.test_components.test_utils" name="test_add_genealogy" time="0.011"><skipped type="pytest.skip" message="need --runslow option to run">/Users/blota/Documents/code/flexiznam/tests/test_components/test_utils.py:110: need --runslow option to run</skipped></testcase><testcase classname="tests.test_components.test_utils" name="test_add_missing_paths" time="14.676" /><testcase classname="tests.test_components.test_utils" name="test_check_attribute" time="0.005"><skipped type="pytest.skip" message="need --runslow option to run">/Users/blota/Documents/code/flexiznam/tests/test_components/test_utils.py:122: need --runslow option to run</skipped></testcase><testcase classname="tests.test_components.tests_schema.test_camera_data" name="test_create_directly" time="0.010" /><testcase classname="tests.test_components.tests_schema.test_camera_data" name="test_create_from_folder" time="0.314" /><testcase classname="tests.test_components.tests_schema.test_camera_data" name="test_create_from_flexilims" time="0.821" /><testcase classname="tests.test_components.tests_schema.test_datasets" name="test_dataset" time="0.014" /><testcase classname="tests.test_components.tests_schema.test_datasets" name="test_constructor" time="0.008" /><testcase classname="tests.test_components.tests_schema.test_datasets" name="test_dataset_flexilims_integration" time="0.264" /><testcase classname="tests.test_components.tests_schema.test_datasets" name="test_from_flexilims" time="0.321" /><testcase classname="tests.test_components.tests_schema.test_datasets" name="test_from_origin" time="1.997" /><testcase classname="tests.test_components.tests_schema.test_datasets" name="test_update_flexilims" time="0.883" /><testcase classname="tests.test_components.tests_schema.test_datasets" name="test_dataset_paths" time="0.276" /><testcase classname="tests.test_components.tests_schema.test_datasets" name="test_project_project_id" time="0.005" /><testcase classname="tests.test_components.tests_schema.test_datasets" name="test_dataset_type_enforcer" time="0.008" /><testcase classname="tests.test_components.tests_schema.test_harp" name="test_harp" time="0.421" /><testcase classname="tests.test_components.tests_schema.test_microscopy_data" name="test_from_folder" time="0.054" /><testcase classname="tests.test_components.tests_schema.test_scanimage_data" name="test_scanimage" time="0.263" /></testsuite></testsuites>