<?xml version="1.0" encoding="utf-8"?><testsuites><testsuite name="pytest" errors="0" failures="0" skipped="0" tests="51" time="508.400" timestamp="2023-07-04T17:50:17.000292" hostname="FM70R4W0XG"><testcase classname="tests.test_2p" name="test_create_yaml" time="6.411" /><testcase classname="tests.test_2p" name="test_parse_yaml" time="2.847" /><testcase classname="tests.test_2p" name="test_flm" time="16.873" /><testcase classname="tests.test_barseq" name="test_create_yaml" time="1.543" /><testcase classname="tests.test_barseq" name="test_parse_yaml" time="5.873" /><testcase classname="tests.test_barseq" name="test_flm" time="31.002" /><testcase classname="tests.test_components.test_cli" name="test_config" time="0.212" /><testcase classname="tests.test_components.test_cli" name="test_add_password" time="0.017" /><testcase classname="tests.test_components.test_cli" name="test_create_yaml" time="0.525" /><testcase classname="tests.test_components.test_cli" name="test_make_full_yaml" time="6.748" /><testcase classname="tests.test_components.test_cli" name="test_upload" time="20.516" /><testcase classname="tests.test_components.test_cli" name="test_flm_issues" time="51.080" /><testcase classname="tests.test_components.test_main" name="test_get_flexilims_session" time="0.226" /><testcase classname="tests.test_components.test_main" name="test_format_results" time="0.013" /><testcase classname="tests.test_components.test_main" name="test_get_experimental_sessions" time="0.696" /><testcase classname="tests.test_components.test_main" name="test_get_entities" time="1.038" /><testcase classname="tests.test_components.test_main" name="test_get_entity" time="0.055" /><testcase classname="tests.test_components.test_main" name="test_get_mouse_id" time="0.219" /><testcase classname="tests.test_components.test_main" name="test_get_datasets" time="3.037" /><testcase classname="tests.test_components.test_main" name="test_add_mouse" time="2.969" /><testcase classname="tests.test_components.test_main" name="test_generate_name" time="2.836" /><testcase classname="tests.test_components.test_main" name="test_get_children" time="2.332" /><testcase classname="tests.test_components.test_main" name="test_add_entity" time="1.769" /><testcase classname="tests.test_components.test_main" name="test_update_entity" time="4.204" /><testcase classname="tests.test_components.test_mcms" name="test_get_mouse_df" time="0.508" /><testcase classname="tests.test_components.test_mcms" name="test_get_procedures" time="0.328" /><testcase classname="tests.test_components.test_utils" name="test_create_config" time="0.053" /><testcase classname="tests.test_components.test_utils" name="test_update_config" time="0.227" /><testcase classname="tests.test_components.test_utils" name="test_passwd_creation" time="0.038" /><testcase classname="tests.test_components.test_utils" name="test_check_flexilims_paths" time="59.582" /><testcase classname="tests.test_components.test_utils" name="test_check_flexilims_names" time="58.108" /><testcase classname="tests.test_components.test_utils" name="test_add_genealogy" time="118.553" /><testcase classname="tests.test_components.test_utils" name="test_clean_recursively" time="0.012" /><testcase classname="tests.test_components.test_utils" name="test_add_missing_paths" time="28.553" /><testcase classname="tests.test_components.test_utils" name="test_check_attribute" time="63.925" /><testcase classname="tests.test_components.tests_schema.test_camera_data" name="test_create_directly" time="0.010" /><testcase classname="tests.test_components.tests_schema.test_camera_data" name="test_create_from_folder" time="1.135" /><testcase classname="tests.test_components.tests_schema.test_camera_data" name="test_create_from_flexilims" time="0.898" /><testcase classname="tests.test_components.tests_schema.test_datasets" name="test_dataset" time="0.011" /><testcase classname="tests.test_components.tests_schema.test_datasets" name="test_constructor" time="0.008" /><testcase classname="tests.test_components.tests_schema.test_datasets" name="test_dataset_flexilims_integration" time="0.936" /><testcase classname="tests.test_components.tests_schema.test_datasets" name="test_from_flexilims" time="0.939" /><testcase classname="tests.test_components.tests_schema.test_datasets" name="test_from_origin" time="2.929" /><testcase classname="tests.test_components.tests_schema.test_datasets" name="test_update_flexilims" time="7.092" /><testcase classname="tests.test_components.tests_schema.test_datasets" name="test_dataset_paths" time="0.217" /><testcase classname="tests.test_components.tests_schema.test_datasets" name="test_project_project_id" time="0.012" /><testcase classname="tests.test_components.tests_schema.test_datasets" name="test_dataset_type_enforcer" time="0.010" /><testcase classname="tests.test_components.tests_schema.test_harp" name="test_harp" time="0.304" /><testcase classname="tests.test_components.tests_schema.test_microscopy_data" name="test_from_folder" time="0.093" /><testcase classname="tests.test_components.tests_schema.test_scanimage_data" name="test_scanimage" time="0.298" /><testcase classname="tests.test_components.tests_schema.test_sequencing_data" name="test_from_folder" time="0.244" /></testsuite></testsuites>