<?xml version="1.0" encoding="utf-8"?><testsuites><testsuite name="pytest" errors="0" failures="0" skipped="0" tests="51" time="544.050" timestamp="2023-06-28T13:09:16.011898" hostname="FM70R4W0XG"><testcase classname="tests.test_2p" name="test_create_yaml" time="5.612" /><testcase classname="tests.test_2p" name="test_parse_yaml" time="2.327" /><testcase classname="tests.test_2p" name="test_flm" time="16.342" /><testcase classname="tests.test_barseq" name="test_create_yaml" time="1.232" /><testcase classname="tests.test_barseq" name="test_parse_yaml" time="5.320" /><testcase classname="tests.test_barseq" name="test_flm" time="30.831" /><testcase classname="tests.test_components.test_cli" name="test_config" time="0.214" /><testcase classname="tests.test_components.test_cli" name="test_add_password" time="0.021" /><testcase classname="tests.test_components.test_cli" name="test_create_yaml" time="0.463" /><testcase classname="tests.test_components.test_cli" name="test_make_full_yaml" time="6.060" /><testcase classname="tests.test_components.test_cli" name="test_upload" time="20.572" /><testcase classname="tests.test_components.test_cli" name="test_flm_issues" time="48.687" /><testcase classname="tests.test_components.test_main" name="test_get_flexilims_session" time="0.259" /><testcase classname="tests.test_components.test_main" name="test_format_results" time="0.012" /><testcase classname="tests.test_components.test_main" name="test_get_experimental_sessions" time="0.739" /><testcase classname="tests.test_components.test_main" name="test_get_entities" time="0.922" /><testcase classname="tests.test_components.test_main" name="test_get_entity" time="0.067" /><testcase classname="tests.test_components.test_main" name="test_get_mouse_id" time="0.224" /><testcase classname="tests.test_components.test_main" name="test_get_datasets" time="3.269" /><testcase classname="tests.test_components.test_main" name="test_add_mouse" time="3.596" /><testcase classname="tests.test_components.test_main" name="test_generate_name" time="2.931" /><testcase classname="tests.test_components.test_main" name="test_get_children" time="1.458" /><testcase classname="tests.test_components.test_main" name="test_add_entity" time="1.783" /><testcase classname="tests.test_components.test_main" name="test_update_entity" time="4.521" /><testcase classname="tests.test_components.test_mcms" name="test_get_mouse_df" time="0.605" /><testcase classname="tests.test_components.test_mcms" name="test_get_procedures" time="0.321" /><testcase classname="tests.test_components.test_utils" name="test_create_config" time="0.064" /><testcase classname="tests.test_components.test_utils" name="test_update_config" time="0.251" /><testcase classname="tests.test_components.test_utils" name="test_passwd_creation" time="0.050" /><testcase classname="tests.test_components.test_utils" name="test_check_flexilims_paths" time="62.671" /><testcase classname="tests.test_components.test_utils" name="test_check_flexilims_names" time="61.664" /><testcase classname="tests.test_components.test_utils" name="test_add_genealogy" time="152.200" /><testcase classname="tests.test_components.test_utils" name="test_clean_recursively" time="0.012" /><testcase classname="tests.test_components.test_utils" name="test_add_missing_paths" time="26.369" /><testcase classname="tests.test_components.test_utils" name="test_check_attribute" time="65.948" /><testcase classname="tests.test_components.tests_schema.test_camera_data" name="test_create_directly" time="0.009" /><testcase classname="tests.test_components.tests_schema.test_camera_data" name="test_create_from_folder" time="1.099" /><testcase classname="tests.test_components.tests_schema.test_camera_data" name="test_create_from_flexilims" time="1.060" /><testcase classname="tests.test_components.tests_schema.test_datasets" name="test_dataset" time="0.014" /><testcase classname="tests.test_components.tests_schema.test_datasets" name="test_constructor" time="0.022" /><testcase classname="tests.test_components.tests_schema.test_datasets" name="test_dataset_flexilims_integration" time="0.984" /><testcase classname="tests.test_components.tests_schema.test_datasets" name="test_from_flexilims" time="1.025" /><testcase classname="tests.test_components.tests_schema.test_datasets" name="test_from_origin" time="3.509" /><testcase classname="tests.test_components.tests_schema.test_datasets" name="test_update_flexilims" time="6.677" /><testcase classname="tests.test_components.tests_schema.test_datasets" name="test_dataset_paths" time="0.616" /><testcase classname="tests.test_components.tests_schema.test_datasets" name="test_project_project_id" time="0.011" /><testcase classname="tests.test_components.tests_schema.test_datasets" name="test_dataset_type_enforcer" time="0.038" /><testcase classname="tests.test_components.tests_schema.test_harp" name="test_harp" time="0.307" /><testcase classname="tests.test_components.tests_schema.test_microscopy_data" name="test_from_folder" time="0.097" /><testcase classname="tests.test_components.tests_schema.test_scanimage_data" name="test_scanimage" time="0.349" /><testcase classname="tests.test_components.tests_schema.test_sequencing_data" name="test_from_folder" time="0.315" /></testsuite></testsuites>