<?xml version="1.0" encoding="utf-8"?><testsuites><testsuite name="pytest" errors="0" failures="0" skipped="0" tests="47" time="263.176" timestamp="2023-04-18T15:27:32.743798" hostname="FM70R4W0XG"><testcase classname="tests.test_2p" name="test_create_yaml" time="1.935" /><testcase classname="tests.test_2p" name="test_parse_yaml" time="0.660" /><testcase classname="tests.test_2p" name="test_flm" time="6.107" /><testcase classname="tests.test_barseq" name="test_create_yaml" time="0.492" /><testcase classname="tests.test_barseq" name="test_parse_yaml" time="0.920" /><testcase classname="tests.test_barseq" name="test_flm" time="8.995" /><testcase classname="tests.test_components.test_cli" name="test_config" time="0.364" /><testcase classname="tests.test_components.test_cli" name="test_add_password" time="0.021" /><testcase classname="tests.test_components.test_cli" name="test_create_yaml" time="0.121" /><testcase classname="tests.test_components.test_cli" name="test_make_full_yaml" time="1.732" /><testcase classname="tests.test_components.test_cli" name="test_upload" time="6.811" /><testcase classname="tests.test_components.test_cli" name="test_flm_issues" time="29.028" /><testcase classname="tests.test_components.test_main" name="test_get_flexilims_session" time="0.306" /><testcase classname="tests.test_components.test_main" name="test_format_results" time="0.014" /><testcase classname="tests.test_components.test_main" name="test_get_experimental_sessions" time="0.371" /><testcase classname="tests.test_components.test_main" name="test_get_entities" time="0.505" /><testcase classname="tests.test_components.test_main" name="test_get_entity" time="0.050" /><testcase classname="tests.test_components.test_main" name="test_get_mouse_id" time="0.276" /><testcase classname="tests.test_components.test_main" name="test_add_mouse" time="0.265" /><testcase classname="tests.test_components.test_main" name="test_generate_name" time="0.967" /><testcase classname="tests.test_components.test_main" name="test_get_children" time="0.779" /><testcase classname="tests.test_components.test_main" name="test_add_entity" time="0.584" /><testcase classname="tests.test_components.test_main" name="test_update_entity" time="1.461" /><testcase classname="tests.test_components.test_mcms" name="test_get_mouse_df" time="0.454" /><testcase classname="tests.test_components.test_utils" name="test_create_config" time="0.058" /><testcase classname="tests.test_components.test_utils" name="test_update_config" time="0.554" /><testcase classname="tests.test_components.test_utils" name="test_passwd_creation" time="0.047" /><testcase classname="tests.test_components.test_utils" name="test_check_flexilims_paths" time="34.877" /><testcase classname="tests.test_components.test_utils" name="test_check_flexilims_names" time="33.604" /><testcase classname="tests.test_components.test_utils" name="test_add_genealogy" time="86.879" /><testcase classname="tests.test_components.test_utils" name="test_add_missing_paths" time="14.707" /><testcase classname="tests.test_components.test_utils" name="test_check_attribute" time="23.619" /><testcase classname="tests.test_components.tests_schema.test_camera_data" name="test_create_directly" time="0.011" /><testcase classname="tests.test_components.tests_schema.test_camera_data" name="test_create_from_folder" time="0.352" /><testcase classname="tests.test_components.tests_schema.test_camera_data" name="test_create_from_flexilims" time="0.877" /><testcase classname="tests.test_components.tests_schema.test_datasets" name="test_dataset" time="0.008" /><testcase classname="tests.test_components.tests_schema.test_datasets" name="test_constructor" time="0.012" /><testcase classname="tests.test_components.tests_schema.test_datasets" name="test_dataset_flexilims_integration" time="0.246" /><testcase classname="tests.test_components.tests_schema.test_datasets" name="test_from_flexilims" time="0.241" /><testcase classname="tests.test_components.tests_schema.test_datasets" name="test_from_origin" time="2.077" /><testcase classname="tests.test_components.tests_schema.test_datasets" name="test_update_flexilims" time="0.923" /><testcase classname="tests.test_components.tests_schema.test_datasets" name="test_dataset_paths" time="0.186" /><testcase classname="tests.test_components.tests_schema.test_datasets" name="test_project_project_id" time="0.008" /><testcase classname="tests.test_components.tests_schema.test_datasets" name="test_dataset_type_enforcer" time="0.013" /><testcase classname="tests.test_components.tests_schema.test_harp" name="test_harp" time="0.126" /><testcase classname="tests.test_components.tests_schema.test_microscopy_data" name="test_from_folder" time="0.039" /><testcase classname="tests.test_components.tests_schema.test_scanimage_data" name="test_scanimage" time="0.176" /></testsuite></testsuites>