<?xml version="1.0" encoding="utf-8"?><testsuites><testsuite name="pytest" errors="0" failures="0" skipped="0" tests="52" time="1217.486" timestamp="2023-07-06T16:21:50.352629" hostname="FM70R4W0XG"><testcase classname="tests.test_2p" name="test_create_yaml" time="5.630" /><testcase classname="tests.test_2p" name="test_parse_yaml" time="4.056" /><testcase classname="tests.test_2p" name="test_flm" time="37.068" /><testcase classname="tests.test_barseq" name="test_create_yaml" time="3.134" /><testcase classname="tests.test_barseq" name="test_parse_yaml" time="9.162" /><testcase classname="tests.test_barseq" name="test_flm" time="57.617" /><testcase classname="tests.test_components.test_cli" name="test_config" time="0.168" /><testcase classname="tests.test_components.test_cli" name="test_add_password" time="0.016" /><testcase classname="tests.test_components.test_cli" name="test_create_yaml" time="0.451" /><testcase classname="tests.test_components.test_cli" name="test_make_full_yaml" time="4.992" /><testcase classname="tests.test_components.test_cli" name="test_upload" time="35.318" /><testcase classname="tests.test_components.test_cli" name="test_flm_issues" time="110.427" /><testcase classname="tests.test_components.test_main" name="test_get_flexilims_session" time="0.210" /><testcase classname="tests.test_components.test_main" name="test_format_results" time="0.016" /><testcase classname="tests.test_components.test_main" name="test_get_experimental_sessions" time="1.185" /><testcase classname="tests.test_components.test_main" name="test_get_entities" time="2.557" /><testcase classname="tests.test_components.test_main" name="test_get_entity" time="0.055" /><testcase classname="tests.test_components.test_main" name="test_get_mouse_id" time="0.655" /><testcase classname="tests.test_components.test_main" name="test_get_datasets" time="6.716" /><testcase classname="tests.test_components.test_main" name="test_add_mouse" time="6.767" /><testcase classname="tests.test_components.test_main" name="test_generate_name" time="6.369" /><testcase classname="tests.test_components.test_main" name="test_get_children" time="10.536" /><testcase classname="tests.test_components.test_main" name="test_add_entity" time="2.100" /><testcase classname="tests.test_components.test_main" name="test_update_entity" time="9.515" /><testcase classname="tests.test_components.test_mcms" name="test_get_mouse_df" time="0.502" /><testcase classname="tests.test_components.test_mcms" name="test_get_procedures" time="0.308" /><testcase classname="tests.test_components.test_utils" name="test_create_config" time="0.034" /><testcase classname="tests.test_components.test_utils" name="test_update_config" time="0.231" /><testcase classname="tests.test_components.test_utils" name="test_passwd_creation" time="0.049" /><testcase classname="tests.test_components.test_utils" name="test_check_flexilims_paths" time="206.289" /><testcase classname="tests.test_components.test_utils" name="test_check_flexilims_names" time="136.485" /><testcase classname="tests.test_components.test_utils" name="test_add_genealogy" time="276.362" /><testcase classname="tests.test_components.test_utils" name="test_clean_recursively" time="0.008" /><testcase classname="tests.test_components.test_utils" name="test_add_missing_paths" time="63.834" /><testcase classname="tests.test_components.test_utils" name="test_check_attribute" time="147.412" /><testcase classname="tests.test_components.tests_schema.test_camera_data" name="test_create_directly" time="0.007" /><testcase classname="tests.test_components.tests_schema.test_camera_data" name="test_create_from_folder" time="1.996" /><testcase classname="tests.test_components.tests_schema.test_camera_data" name="test_create_from_flexilims" time="2.030" /><testcase classname="tests.test_components.tests_schema.test_datasets" name="test_dataset" time="0.022" /><testcase classname="tests.test_components.tests_schema.test_datasets" name="test_constructor" time="0.011" /><testcase classname="tests.test_components.tests_schema.test_datasets" name="test_dataset_flexilims_integration" time="2.067" /><testcase classname="tests.test_components.tests_schema.test_datasets" name="test_from_flexilims" time="2.082" /><testcase classname="tests.test_components.tests_schema.test_datasets" name="test_from_dataseries" time="0.014" /><testcase classname="tests.test_components.tests_schema.test_datasets" name="test_from_origin" time="46.158" /><testcase classname="tests.test_components.tests_schema.test_datasets" name="test_update_flexilims" time="14.295" /><testcase classname="tests.test_components.tests_schema.test_datasets" name="test_dataset_paths" time="0.803" /><testcase classname="tests.test_components.tests_schema.test_datasets" name="test_project_project_id" time="0.011" /><testcase classname="tests.test_components.tests_schema.test_datasets" name="test_dataset_type_enforcer" time="0.013" /><testcase classname="tests.test_components.tests_schema.test_harp" name="test_harp" time="0.571" /><testcase classname="tests.test_components.tests_schema.test_microscopy_data" name="test_from_folder" time="0.064" /><testcase classname="tests.test_components.tests_schema.test_scanimage_data" name="test_scanimage" time="0.477" /><testcase classname="tests.test_components.tests_schema.test_sequencing_data" name="test_from_folder" time="0.385" /></testsuite></testsuites>