<?xml version="1.0" encoding="utf-8"?><testsuites><testsuite name="pytest" errors="0" failures="0" skipped="0" tests="49" time="328.793" timestamp="2022-05-27T09:03:38.474582" hostname="C02Z85AULVDC"><testcase classname="tests.test_2p" name="test_create_yaml" time="7.137" /><testcase classname="tests.test_2p" name="test_parse_yaml" time="3.886" /><testcase classname="tests.test_2p" name="test_flm" time="7.380" /><testcase classname="tests.test_barseq" name="test_create_yaml" time="1.809" /><testcase classname="tests.test_barseq" name="test_parse_yaml" time="3.381" /><testcase classname="tests.test_barseq" name="test_flm" time="8.032" /><testcase classname="tests.test_brainsaw" name="test_create_yaml" time="0.002" /><testcase classname="tests.test_brainsaw" name="test_parse_yaml" time="0.001" /><testcase classname="tests.test_brainsaw" name="test_flm" time="0.002" /><testcase classname="tests.test_components.test_cli" name="test_config" time="0.036" /><testcase classname="tests.test_components.test_cli" name="test_add_password" time="0.031" /><testcase classname="tests.test_components.test_cli" name="test_create_yaml" time="1.578" /><testcase classname="tests.test_components.test_cli" name="test_make_full_yaml" time="7.061" /><testcase classname="tests.test_components.test_cli" name="test_upload" time="12.108" /><testcase classname="tests.test_components.test_cli" name="test_flm_issues" time="16.129" /><testcase classname="tests.test_components.test_main" name="test_get_flexilims_session" time="0.189" /><testcase classname="tests.test_components.test_main" name="test_format_results" time="0.002" /><testcase classname="tests.test_components.test_main" name="test_get_experimental_sessions" time="0.196" /><testcase classname="tests.test_components.test_main" name="test_get_entities" time="0.293" /><testcase classname="tests.test_components.test_main" name="test_get_entity" time="0.043" /><testcase classname="tests.test_components.test_main" name="test_get_mouse_id" time="0.114" /><testcase classname="tests.test_components.test_main" name="test_generate_name" time="0.526" /><testcase classname="tests.test_components.test_main" name="test_get_children" time="0.397" /><testcase classname="tests.test_components.test_main" name="test_add_entity" time="0.433" /><testcase classname="tests.test_components.test_main" name="test_update_entity" time="0.938" /><testcase classname="tests.test_components.test_mcms" name="test_download_mouse" time="61.392" /><testcase classname="tests.test_components.test_mcms" name="test_get_mouse_df" time="26.767" /><testcase classname="tests.test_components.test_utils" name="test_create_config" time="0.022" /><testcase classname="tests.test_components.test_utils" name="test_update_config" time="0.088" /><testcase classname="tests.test_components.test_utils" name="test_passwd_creation" time="0.031" /><testcase classname="tests.test_components.test_utils" name="test_check_flexilims_paths" time="19.881" /><testcase classname="tests.test_components.test_utils" name="test_check_flexilims_names" time="17.634" /><testcase classname="tests.test_components.test_utils" name="test_add_genealogy" time="105.986" /><testcase classname="tests.test_components.test_utils" name="test_add_missing_paths" time="8.063" /><testcase classname="tests.test_components.test_utils" name="test_check_attribute" time="12.409" /><testcase classname="tests.test_components.tests_schema.test_camera_data" name="test_create_directly" time="0.003" /><testcase classname="tests.test_components.tests_schema.test_camera_data" name="test_create_from_folder" time="0.271" /><testcase classname="tests.test_components.tests_schema.test_camera_data" name="test_create_from_flexilims" time="0.672" /><testcase classname="tests.test_components.tests_schema.test_datasets" name="test_dataset" time="0.002" /><testcase classname="tests.test_components.tests_schema.test_datasets" name="test_constructor" time="0.002" /><testcase classname="tests.test_components.tests_schema.test_datasets" name="test_dataset_flexilims_integration" time="0.269" /><testcase classname="tests.test_components.tests_schema.test_datasets" name="test_from_flexilims" time="0.225" /><testcase classname="tests.test_components.tests_schema.test_datasets" name="test_from_origin" time="0.400" /><testcase classname="tests.test_components.tests_schema.test_datasets" name="test_update_flexilims" time="1.866" /><testcase classname="tests.test_components.tests_schema.test_datasets" name="test_dataset_paths" time="0.108" /><testcase classname="tests.test_components.tests_schema.test_datasets" name="test_project_project_id" time="0.003" /><testcase classname="tests.test_components.tests_schema.test_harp" name="test_harp" time="0.220" /><testcase classname="tests.test_components.tests_schema.test_microscopy_data" name="test_from_folder" time="0.060" /><testcase classname="tests.test_components.tests_schema.test_scanimage_data" name="test_scanimage" time="0.437" /></testsuite></testsuites>