<?xml version="1.0" encoding="utf-8"?><testsuites><testsuite name="pytest" errors="0" failures="0" skipped="0" tests="49" time="302.601" timestamp="2022-10-12T18:18:40.763363" hostname="C02Z85AULVDC"><testcase classname="tests.test_2p" name="test_create_yaml" time="3.440" /><testcase classname="tests.test_2p" name="test_parse_yaml" time="1.518" /><testcase classname="tests.test_2p" name="test_flm" time="5.008" /><testcase classname="tests.test_barseq" name="test_create_yaml" time="0.814" /><testcase classname="tests.test_barseq" name="test_parse_yaml" time="1.522" /><testcase classname="tests.test_barseq" name="test_flm" time="7.257" /><testcase classname="tests.test_brainsaw" name="test_create_yaml" time="0.002" /><testcase classname="tests.test_brainsaw" name="test_parse_yaml" time="0.001" /><testcase classname="tests.test_brainsaw" name="test_flm" time="0.001" /><testcase classname="tests.test_components.test_cli" name="test_config" time="0.024" /><testcase classname="tests.test_components.test_cli" name="test_add_password" time="0.019" /><testcase classname="tests.test_components.test_cli" name="test_create_yaml" time="0.235" /><testcase classname="tests.test_components.test_cli" name="test_make_full_yaml" time="3.535" /><testcase classname="tests.test_components.test_cli" name="test_upload" time="9.251" /><testcase classname="tests.test_components.test_cli" name="test_flm_issues" time="18.392" /><testcase classname="tests.test_components.test_main" name="test_get_flexilims_session" time="0.135" /><testcase classname="tests.test_components.test_main" name="test_format_results" time="0.004" /><testcase classname="tests.test_components.test_main" name="test_get_experimental_sessions" time="0.208" /><testcase classname="tests.test_components.test_main" name="test_get_entities" time="0.363" /><testcase classname="tests.test_components.test_main" name="test_get_entity" time="0.029" /><testcase classname="tests.test_components.test_main" name="test_get_mouse_id" time="0.124" /><testcase classname="tests.test_components.test_main" name="test_generate_name" time="0.578" /><testcase classname="tests.test_components.test_main" name="test_get_children" time="0.630" /><testcase classname="tests.test_components.test_main" name="test_add_entity" time="0.396" /><testcase classname="tests.test_components.test_main" name="test_update_entity" time="1.035" /><testcase classname="tests.test_components.test_mcms" name="test_download_mouse" time="26.152" /><testcase classname="tests.test_components.test_mcms" name="test_get_mouse_df" time="25.960" /><testcase classname="tests.test_components.test_utils" name="test_create_config" time="0.020" /><testcase classname="tests.test_components.test_utils" name="test_update_config" time="0.027" /><testcase classname="tests.test_components.test_utils" name="test_passwd_creation" time="0.020" /><testcase classname="tests.test_components.test_utils" name="test_check_flexilims_paths" time="21.970" /><testcase classname="tests.test_components.test_utils" name="test_check_flexilims_names" time="20.979" /><testcase classname="tests.test_components.test_utils" name="test_add_genealogy" time="122.669" /><testcase classname="tests.test_components.test_utils" name="test_add_missing_paths" time="9.161" /><testcase classname="tests.test_components.test_utils" name="test_check_attribute" time="15.113" /><testcase classname="tests.test_components.tests_schema.test_camera_data" name="test_create_directly" time="0.007" /><testcase classname="tests.test_components.tests_schema.test_camera_data" name="test_create_from_folder" time="0.231" /><testcase classname="tests.test_components.tests_schema.test_camera_data" name="test_create_from_flexilims" time="0.590" /><testcase classname="tests.test_components.tests_schema.test_datasets" name="test_dataset" time="0.003" /><testcase classname="tests.test_components.tests_schema.test_datasets" name="test_constructor" time="0.001" /><testcase classname="tests.test_components.tests_schema.test_datasets" name="test_dataset_flexilims_integration" time="0.330" /><testcase classname="tests.test_components.tests_schema.test_datasets" name="test_from_flexilims" time="0.271" /><testcase classname="tests.test_components.tests_schema.test_datasets" name="test_from_origin" time="1.765" /><testcase classname="tests.test_components.tests_schema.test_datasets" name="test_update_flexilims" time="2.126" /><testcase classname="tests.test_components.tests_schema.test_datasets" name="test_dataset_paths" time="0.125" /><testcase classname="tests.test_components.tests_schema.test_datasets" name="test_project_project_id" time="0.002" /><testcase classname="tests.test_components.tests_schema.test_harp" name="test_harp" time="0.141" /><testcase classname="tests.test_components.tests_schema.test_microscopy_data" name="test_from_folder" time="0.033" /><testcase classname="tests.test_components.tests_schema.test_scanimage_data" name="test_scanimage" time="0.208" /></testsuite></testsuites>