<?xml version="1.0" encoding="utf-8"?><testsuites><testsuite name="pytest" errors="0" failures="0" skipped="2" tests="48" time="208.474" timestamp="2023-05-12T11:43:29.864027" hostname="FM70R4W0XG"><testcase classname="tests.test_2p" name="test_create_yaml" time="5.467" /><testcase classname="tests.test_2p" name="test_parse_yaml" time="1.841" /><testcase classname="tests.test_2p" name="test_flm" time="8.662" /><testcase classname="tests.test_barseq" name="test_create_yaml" time="1.193" /><testcase classname="tests.test_barseq" name="test_parse_yaml" time="1.578" /><testcase classname="tests.test_barseq" name="test_flm" time="12.251" /><testcase classname="tests.test_components.test_cli" name="test_config" time="0.415" /><testcase classname="tests.test_components.test_cli" name="test_add_password" time="0.031" /><testcase classname="tests.test_components.test_cli" name="test_create_yaml" time="0.368" /><testcase classname="tests.test_components.test_cli" name="test_make_full_yaml" time="4.107" /><testcase classname="tests.test_components.test_cli" name="test_upload" time="12.201" /><testcase classname="tests.test_components.test_cli" name="test_flm_issues" time="36.290" /><testcase classname="tests.test_components.test_main" name="test_get_flexilims_session" time="0.341" /><testcase classname="tests.test_components.test_main" name="test_format_results" time="0.014" /><testcase classname="tests.test_components.test_main" name="test_get_experimental_sessions" time="0.648" /><testcase classname="tests.test_components.test_main" name="test_get_entities" time="0.484" /><testcase classname="tests.test_components.test_main" name="test_get_entity" time="0.054" /><testcase classname="tests.test_components.test_main" name="test_get_mouse_id" time="0.420" /><testcase classname="tests.test_components.test_main" name="test_add_mouse" time="2.743" /><testcase classname="tests.test_components.test_main" name="test_generate_name" time="1.444" /><testcase classname="tests.test_components.test_main" name="test_get_children" time="1.039" /><testcase classname="tests.test_components.test_main" name="test_add_entity" time="1.099" /><testcase classname="tests.test_components.test_main" name="test_update_entity" time="1.672" /><testcase classname="tests.test_components.test_mcms" name="test_get_mouse_df" time="0.651" /><testcase classname="tests.test_components.test_mcms" name="test_get_procedures" time="0.370" /><testcase classname="tests.test_components.test_utils" name="test_create_config" time="0.058" /><testcase classname="tests.test_components.test_utils" name="test_update_config" time="0.701" /><testcase classname="tests.test_components.test_utils" name="test_passwd_creation" time="0.063" /><testcase classname="tests.test_components.test_utils" name="test_check_flexilims_paths" time="43.454" /><testcase classname="tests.test_components.test_utils" name="test_check_flexilims_names" time="43.033" /><testcase classname="tests.test_components.test_utils" name="test_add_genealogy" time="0.007"><skipped type="pytest.skip" message="need --runslow option to run">/Users/blota/Documents/code/flexiznam/tests/test_components/test_utils.py:110: need --runslow option to run</skipped></testcase><testcase classname="tests.test_components.test_utils" name="test_add_missing_paths" time="18.288" /><testcase classname="tests.test_components.test_utils" name="test_check_attribute" time="0.006"><skipped type="pytest.skip" message="need --runslow option to run">/Users/blota/Documents/code/flexiznam/tests/test_components/test_utils.py:122: need --runslow option to run</skipped></testcase><testcase classname="tests.test_components.tests_schema.test_camera_data" name="test_create_directly" time="0.033" /><testcase classname="tests.test_components.tests_schema.test_camera_data" name="test_create_from_folder" time="0.588" /><testcase classname="tests.test_components.tests_schema.test_camera_data" name="test_create_from_flexilims" time="1.064" /><testcase classname="tests.test_components.tests_schema.test_datasets" name="test_dataset" time="0.010" /><testcase classname="tests.test_components.tests_schema.test_datasets" name="test_constructor" time="0.015" /><testcase classname="tests.test_components.tests_schema.test_datasets" name="test_dataset_flexilims_integration" time="0.249" /><testcase classname="tests.test_components.tests_schema.test_datasets" name="test_from_flexilims" time="0.511" /><testcase classname="tests.test_components.tests_schema.test_datasets" name="test_from_origin" time="2.394" /><testcase classname="tests.test_components.tests_schema.test_datasets" name="test_update_flexilims" time="1.104" /><testcase classname="tests.test_components.tests_schema.test_datasets" name="test_dataset_paths" time="0.517" /><testcase classname="tests.test_components.tests_schema.test_datasets" name="test_project_project_id" time="0.024" /><testcase classname="tests.test_components.tests_schema.test_datasets" name="test_dataset_type_enforcer" time="0.014" /><testcase classname="tests.test_components.tests_schema.test_harp" name="test_harp" time="0.291" /><testcase classname="tests.test_components.tests_schema.test_microscopy_data" name="test_from_folder" time="0.096" /><testcase classname="tests.test_components.tests_schema.test_scanimage_data" name="test_scanimage" time="0.260" /></testsuite></testsuites>