<?xml version="1.0" encoding="utf-8"?><testsuites><testsuite name="pytest" errors="0" failures="0" skipped="0" tests="50" time="465.596" timestamp="2023-06-01T12:20:26.470824" hostname="FM70R4W0XG"><testcase classname="tests.test_2p" name="test_create_yaml" time="3.917" /><testcase classname="tests.test_2p" name="test_parse_yaml" time="1.772" /><testcase classname="tests.test_2p" name="test_flm" time="8.875" /><testcase classname="tests.test_barseq" name="test_create_yaml" time="1.046" /><testcase classname="tests.test_barseq" name="test_parse_yaml" time="2.473" /><testcase classname="tests.test_barseq" name="test_flm" time="14.835" /><testcase classname="tests.test_components.test_cli" name="test_config" time="0.221" /><testcase classname="tests.test_components.test_cli" name="test_add_password" time="0.019" /><testcase classname="tests.test_components.test_cli" name="test_create_yaml" time="0.347" /><testcase classname="tests.test_components.test_cli" name="test_make_full_yaml" time="3.813" /><testcase classname="tests.test_components.test_cli" name="test_upload" time="11.714" /><testcase classname="tests.test_components.test_cli" name="test_flm_issues" time="50.001" /><testcase classname="tests.test_components.test_main" name="test_get_flexilims_session" time="0.263" /><testcase classname="tests.test_components.test_main" name="test_format_results" time="0.016" /><testcase classname="tests.test_components.test_main" name="test_get_experimental_sessions" time="0.656" /><testcase classname="tests.test_components.test_main" name="test_get_entities" time="0.800" /><testcase classname="tests.test_components.test_main" name="test_get_entity" time="0.054" /><testcase classname="tests.test_components.test_main" name="test_get_mouse_id" time="0.194" /><testcase classname="tests.test_components.test_main" name="test_get_datasets" time="2.246" /><testcase classname="tests.test_components.test_main" name="test_add_mouse" time="1.999" /><testcase classname="tests.test_components.test_main" name="test_generate_name" time="1.363" /><testcase classname="tests.test_components.test_main" name="test_get_children" time="0.713" /><testcase classname="tests.test_components.test_main" name="test_add_entity" time="0.946" /><testcase classname="tests.test_components.test_main" name="test_update_entity" time="1.728" /><testcase classname="tests.test_components.test_mcms" name="test_get_mouse_df" time="0.520" /><testcase classname="tests.test_components.test_mcms" name="test_get_procedures" time="0.239" /><testcase classname="tests.test_components.test_utils" name="test_create_config" time="0.052" /><testcase classname="tests.test_components.test_utils" name="test_update_config" time="0.256" /><testcase classname="tests.test_components.test_utils" name="test_passwd_creation" time="0.046" /><testcase classname="tests.test_components.test_utils" name="test_check_flexilims_paths" time="59.218" /><testcase classname="tests.test_components.test_utils" name="test_check_flexilims_names" time="57.935" /><testcase classname="tests.test_components.test_utils" name="test_add_genealogy" time="164.994" /><testcase classname="tests.test_components.test_utils" name="test_clean_recursively" time="0.011" /><testcase classname="tests.test_components.test_utils" name="test_add_missing_paths" time="25.415" /><testcase classname="tests.test_components.test_utils" name="test_check_attribute" time="39.868" /><testcase classname="tests.test_components.tests_schema.test_camera_data" name="test_create_directly" time="0.012" /><testcase classname="tests.test_components.tests_schema.test_camera_data" name="test_create_from_folder" time="0.421" /><testcase classname="tests.test_components.tests_schema.test_camera_data" name="test_create_from_flexilims" time="0.783" /><testcase classname="tests.test_components.tests_schema.test_datasets" name="test_dataset" time="0.009" /><testcase classname="tests.test_components.tests_schema.test_datasets" name="test_constructor" time="0.008" /><testcase classname="tests.test_components.tests_schema.test_datasets" name="test_dataset_flexilims_integration" time="0.260" /><testcase classname="tests.test_components.tests_schema.test_datasets" name="test_from_flexilims" time="0.522" /><testcase classname="tests.test_components.tests_schema.test_datasets" name="test_from_origin" time="2.415" /><testcase classname="tests.test_components.tests_schema.test_datasets" name="test_update_flexilims" time="1.155" /><testcase classname="tests.test_components.tests_schema.test_datasets" name="test_dataset_paths" time="0.473" /><testcase classname="tests.test_components.tests_schema.test_datasets" name="test_project_project_id" time="0.012" /><testcase classname="tests.test_components.tests_schema.test_datasets" name="test_dataset_type_enforcer" time="0.009" /><testcase classname="tests.test_components.tests_schema.test_harp" name="test_harp" time="0.261" /><testcase classname="tests.test_components.tests_schema.test_microscopy_data" name="test_from_folder" time="0.088" /><testcase classname="tests.test_components.tests_schema.test_scanimage_data" name="test_scanimage" time="0.299" /></testsuite></testsuites>