<?xml version="1.0" encoding="utf-8"?><testsuites><testsuite name="pytest" errors="0" failures="0" skipped="0" tests="54" time="678.628" timestamp="2023-07-17T23:11:47.609985" hostname="FM70R4W0XG"><testcase classname="tests.test_2p" name="test_create_yaml" time="9.791" /><testcase classname="tests.test_2p" name="test_parse_yaml" time="4.791" /><testcase classname="tests.test_2p" name="test_flm" time="21.164" /><testcase classname="tests.test_barseq" name="test_create_yaml" time="2.402" /><testcase classname="tests.test_barseq" name="test_parse_yaml" time="11.728" /><testcase classname="tests.test_barseq" name="test_flm" time="38.502" /><testcase classname="tests.test_components.test_cli" name="test_config" time="0.264" /><testcase classname="tests.test_components.test_cli" name="test_add_password" time="0.028" /><testcase classname="tests.test_components.test_cli" name="test_create_yaml" time="0.801" /><testcase classname="tests.test_components.test_cli" name="test_make_full_yaml" time="10.921" /><testcase classname="tests.test_components.test_cli" name="test_upload" time="28.840" /><testcase classname="tests.test_components.test_cli" name="test_flm_issues" time="64.297" /><testcase classname="tests.test_components.test_main" name="test_get_path" time="0.212" /><testcase classname="tests.test_components.test_main" name="test_get_flexilims_session" time="0.276" /><testcase classname="tests.test_components.test_main" name="test_format_results" time="0.021" /><testcase classname="tests.test_components.test_main" name="test_get_experimental_sessions" time="0.709" /><testcase classname="tests.test_components.test_main" name="test_get_entities" time="1.006" /><testcase classname="tests.test_components.test_main" name="test_get_entity" time="0.073" /><testcase classname="tests.test_components.test_main" name="test_get_mouse_id" time="0.315" /><testcase classname="tests.test_components.test_main" name="test_get_datasets" time="11.690" /><testcase classname="tests.test_components.test_main" name="test_get_datasets_recursively" time="17.020" /><testcase classname="tests.test_components.test_main" name="test_add_mouse" time="4.284" /><testcase classname="tests.test_components.test_main" name="test_generate_name" time="3.180" /><testcase classname="tests.test_components.test_main" name="test_get_children" time="5.837" /><testcase classname="tests.test_components.test_main" name="test_add_entity" time="1.935" /><testcase classname="tests.test_components.test_main" name="test_update_entity" time="5.820" /><testcase classname="tests.test_components.test_mcms" name="test_get_mouse_df" time="0.676" /><testcase classname="tests.test_components.test_mcms" name="test_get_procedures" time="0.558" /><testcase classname="tests.test_components.test_utils" name="test_create_config" time="0.060" /><testcase classname="tests.test_components.test_utils" name="test_update_config" time="0.364" /><testcase classname="tests.test_components.test_utils" name="test_passwd_creation" time="0.063" /><testcase classname="tests.test_components.test_utils" name="test_check_flexilims_paths" time="72.021" /><testcase classname="tests.test_components.test_utils" name="test_check_flexilims_names" time="70.026" /><testcase classname="tests.test_components.test_utils" name="test_add_genealogy" time="149.076" /><testcase classname="tests.test_components.test_utils" name="test_clean_recursively" time="0.010" /><testcase classname="tests.test_components.test_utils" name="test_add_missing_paths" time="31.141" /><testcase classname="tests.test_components.test_utils" name="test_check_attribute" time="67.307" /><testcase classname="tests.test_components.tests_schema.test_camera_data" name="test_create_directly" time="0.009" /><testcase classname="tests.test_components.tests_schema.test_camera_data" name="test_create_from_folder" time="1.188" /><testcase classname="tests.test_components.tests_schema.test_camera_data" name="test_create_from_flexilims" time="1.107" /><testcase classname="tests.test_components.tests_schema.test_datasets" name="test_dataset" time="0.016" /><testcase classname="tests.test_components.tests_schema.test_datasets" name="test_constructor" time="0.021" /><testcase classname="tests.test_components.tests_schema.test_datasets" name="test_dataset_flexilims_integration" time="0.900" /><testcase classname="tests.test_components.tests_schema.test_datasets" name="test_from_flexilims" time="1.103" /><testcase classname="tests.test_components.tests_schema.test_datasets" name="test_from_dataseries" time="0.018" /><testcase classname="tests.test_components.tests_schema.test_datasets" name="test_from_origin" time="27.100" /><testcase classname="tests.test_components.tests_schema.test_datasets" name="test_update_flexilims" time="7.381" /><testcase classname="tests.test_components.tests_schema.test_datasets" name="test_dataset_paths" time="0.245" /><testcase classname="tests.test_components.tests_schema.test_datasets" name="test_project_project_id" time="0.013" /><testcase classname="tests.test_components.tests_schema.test_datasets" name="test_dataset_type_enforcer" time="0.011" /><testcase classname="tests.test_components.tests_schema.test_harp" name="test_harp" time="0.762" /><testcase classname="tests.test_components.tests_schema.test_microscopy_data" name="test_from_folder" time="0.107" /><testcase classname="tests.test_components.tests_schema.test_scanimage_data" name="test_scanimage" time="0.565" /><testcase classname="tests.test_components.tests_schema.test_sequencing_data" name="test_from_folder" time="0.628" /></testsuite></testsuites>
