<?xml version="1.0" encoding="utf-8"?><testsuites><testsuite name="pytest" errors="0" failures="0" skipped="0" tests="50" time="226.144" timestamp="2023-02-15T16:25:27.019059" hostname="C02Z85AULVDC"><testcase classname="tests.test_2p" name="test_create_yaml" time="2.669" /><testcase classname="tests.test_2p" name="test_parse_yaml" time="0.754" /><testcase classname="tests.test_2p" name="test_flm" time="3.894" /><testcase classname="tests.test_barseq" name="test_create_yaml" time="0.701" /><testcase classname="tests.test_barseq" name="test_parse_yaml" time="0.933" /><testcase classname="tests.test_barseq" name="test_flm" time="5.910" /><testcase classname="tests.test_brainsaw" name="test_create_yaml" time="0.002" /><testcase classname="tests.test_brainsaw" name="test_parse_yaml" time="0.002" /><testcase classname="tests.test_brainsaw" name="test_flm" time="0.002" /><testcase classname="tests.test_components.test_cli" name="test_config" time="0.252" /><testcase classname="tests.test_components.test_cli" name="test_add_password" time="0.011" /><testcase classname="tests.test_components.test_cli" name="test_create_yaml" time="0.206" /><testcase classname="tests.test_components.test_cli" name="test_make_full_yaml" time="1.237" /><testcase classname="tests.test_components.test_cli" name="test_upload" time="4.931" /><testcase classname="tests.test_components.test_cli" name="test_flm_issues" time="18.157" /><testcase classname="tests.test_components.test_main" name="test_get_flexilims_session" time="0.263" /><testcase classname="tests.test_components.test_main" name="test_format_results" time="0.003" /><testcase classname="tests.test_components.test_main" name="test_get_experimental_sessions" time="0.183" /><testcase classname="tests.test_components.test_main" name="test_get_entities" time="0.332" /><testcase classname="tests.test_components.test_main" name="test_get_entity" time="0.021" /><testcase classname="tests.test_components.test_main" name="test_get_mouse_id" time="0.127" /><testcase classname="tests.test_components.test_main" name="test_generate_name" time="0.629" /><testcase classname="tests.test_components.test_main" name="test_get_children" time="0.688" /><testcase classname="tests.test_components.test_main" name="test_add_entity" time="0.409" /><testcase classname="tests.test_components.test_main" name="test_update_entity" time="1.110" /><testcase classname="tests.test_components.test_mcms" name="test_download_mouse" time="27.793" /><testcase classname="tests.test_components.test_mcms" name="test_get_mouse_df" time="26.971" /><testcase classname="tests.test_components.test_utils" name="test_create_config" time="0.023" /><testcase classname="tests.test_components.test_utils" name="test_update_config" time="0.742" /><testcase classname="tests.test_components.test_utils" name="test_passwd_creation" time="0.017" /><testcase classname="tests.test_components.test_utils" name="test_check_flexilims_paths" time="21.515" /><testcase classname="tests.test_components.test_utils" name="test_check_flexilims_names" time="20.773" /><testcase classname="tests.test_components.test_utils" name="test_add_genealogy" time="56.593" /><testcase classname="tests.test_components.test_utils" name="test_add_missing_paths" time="8.991" /><testcase classname="tests.test_components.test_utils" name="test_check_attribute" time="14.929" /><testcase classname="tests.test_components.tests_schema.test_camera_data" name="test_create_directly" time="0.002" /><testcase classname="tests.test_components.tests_schema.test_camera_data" name="test_create_from_folder" time="0.194" /><testcase classname="tests.test_components.tests_schema.test_camera_data" name="test_create_from_flexilims" time="0.520" /><testcase classname="tests.test_components.tests_schema.test_datasets" name="test_dataset" time="0.002" /><testcase classname="tests.test_components.tests_schema.test_datasets" name="test_constructor" time="0.001" /><testcase classname="tests.test_components.tests_schema.test_datasets" name="test_dataset_flexilims_integration" time="0.261" /><testcase classname="tests.test_components.tests_schema.test_datasets" name="test_from_flexilims" time="0.263" /><testcase classname="tests.test_components.tests_schema.test_datasets" name="test_from_origin" time="0.462" /><testcase classname="tests.test_components.tests_schema.test_datasets" name="test_update_flexilims" time="2.099" /><testcase classname="tests.test_components.tests_schema.test_datasets" name="test_dataset_paths" time="0.129" /><testcase classname="tests.test_components.tests_schema.test_datasets" name="test_project_project_id" time="0.001" /><testcase classname="tests.test_components.tests_schema.test_datasets" name="test_dataset_type_enforcer" time="0.001" /><testcase classname="tests.test_components.tests_schema.test_harp" name="test_harp" time="0.101" /><testcase classname="tests.test_components.tests_schema.test_microscopy_data" name="test_from_folder" time="0.036" /><testcase classname="tests.test_components.tests_schema.test_scanimage_data" name="test_scanimage" time="0.128" /></testsuite></testsuites>