<?xml version="1.0" encoding="utf-8"?><testsuites><testsuite name="pytest" errors="0" failures="0" skipped="0" tests="49" time="566.938" timestamp="2023-05-15T12:47:29.385308" hostname="FM70R4W0XG"><testcase classname="tests.test_2p" name="test_create_yaml" time="14.918" /><testcase classname="tests.test_2p" name="test_parse_yaml" time="5.798" /><testcase classname="tests.test_2p" name="test_flm" time="15.442" /><testcase classname="tests.test_barseq" name="test_create_yaml" time="4.948" /><testcase classname="tests.test_barseq" name="test_parse_yaml" time="8.839" /><testcase classname="tests.test_barseq" name="test_flm" time="23.708" /><testcase classname="tests.test_components.test_cli" name="test_config" time="0.496" /><testcase classname="tests.test_components.test_cli" name="test_add_password" time="0.041" /><testcase classname="tests.test_components.test_cli" name="test_create_yaml" time="1.183" /><testcase classname="tests.test_components.test_cli" name="test_make_full_yaml" time="13.038" /><testcase classname="tests.test_components.test_cli" name="test_upload" time="28.592" /><testcase classname="tests.test_components.test_cli" name="test_flm_issues" time="52.092" /><testcase classname="tests.test_components.test_main" name="test_get_flexilims_session" time="0.696" /><testcase classname="tests.test_components.test_main" name="test_format_results" time="0.024" /><testcase classname="tests.test_components.test_main" name="test_get_experimental_sessions" time="0.791" /><testcase classname="tests.test_components.test_main" name="test_get_entities" time="0.859" /><testcase classname="tests.test_components.test_main" name="test_get_entity" time="0.165" /><testcase classname="tests.test_components.test_main" name="test_get_mouse_id" time="0.208" /><testcase classname="tests.test_components.test_main" name="test_add_mouse" time="3.611" /><testcase classname="tests.test_components.test_main" name="test_generate_name" time="1.480" /><testcase classname="tests.test_components.test_main" name="test_get_children" time="1.204" /><testcase classname="tests.test_components.test_main" name="test_add_entity" time="1.689" /><testcase classname="tests.test_components.test_main" name="test_update_entity" time="2.664" /><testcase classname="tests.test_components.test_mcms" name="test_get_mouse_df" time="1.643" /><testcase classname="tests.test_components.test_mcms" name="test_get_procedures" time="3.047" /><testcase classname="tests.test_components.test_utils" name="test_create_config" time="0.072" /><testcase classname="tests.test_components.test_utils" name="test_update_config" time="1.297" /><testcase classname="tests.test_components.test_utils" name="test_passwd_creation" time="0.034" /><testcase classname="tests.test_components.test_utils" name="test_check_flexilims_paths" time="61.699" /><testcase classname="tests.test_components.test_utils" name="test_check_flexilims_names" time="55.993" /><testcase classname="tests.test_components.test_utils" name="test_add_genealogy" time="180.430" /><testcase classname="tests.test_components.test_utils" name="test_clean_recursively" time="0.021" /><testcase classname="tests.test_components.test_utils" name="test_add_missing_paths" time="25.817" /><testcase classname="tests.test_components.test_utils" name="test_check_attribute" time="42.608" /><testcase classname="tests.test_components.tests_schema.test_camera_data" name="test_create_directly" time="0.026" /><testcase classname="tests.test_components.tests_schema.test_camera_data" name="test_create_from_folder" time="1.739" /><testcase classname="tests.test_components.tests_schema.test_camera_data" name="test_create_from_flexilims" time="1.628" /><testcase classname="tests.test_components.tests_schema.test_datasets" name="test_dataset" time="0.026" /><testcase classname="tests.test_components.tests_schema.test_datasets" name="test_constructor" time="0.018" /><testcase classname="tests.test_components.tests_schema.test_datasets" name="test_dataset_flexilims_integration" time="0.546" /><testcase classname="tests.test_components.tests_schema.test_datasets" name="test_from_flexilims" time="0.816" /><testcase classname="tests.test_components.tests_schema.test_datasets" name="test_from_origin" time="2.886" /><testcase classname="tests.test_components.tests_schema.test_datasets" name="test_update_flexilims" time="1.509" /><testcase classname="tests.test_components.tests_schema.test_datasets" name="test_dataset_paths" time="0.691" /><testcase classname="tests.test_components.tests_schema.test_datasets" name="test_project_project_id" time="0.008" /><testcase classname="tests.test_components.tests_schema.test_datasets" name="test_dataset_type_enforcer" time="0.009" /><testcase classname="tests.test_components.tests_schema.test_harp" name="test_harp" time="0.524" /><testcase classname="tests.test_components.tests_schema.test_microscopy_data" name="test_from_folder" time="0.164" /><testcase classname="tests.test_components.tests_schema.test_scanimage_data" name="test_scanimage" time="0.714" /></testsuite></testsuites>