<?xml version="1.0" encoding="utf-8"?><testsuites><testsuite name="pytest" errors="0" failures="2" skipped="0" tests="49" time="1801.243" timestamp="2022-10-27T17:57:13.329423" hostname="C02Z85AULVDC"><testcase classname="tests.test_2p" name="test_create_yaml" time="85.924" /><testcase classname="tests.test_2p" name="test_parse_yaml" time="40.513" /><testcase classname="tests.test_2p" name="test_flm" time="93.626" /><testcase classname="tests.test_barseq" name="test_create_yaml" time="9.991" /><testcase classname="tests.test_barseq" name="test_parse_yaml" time="25.544" /><testcase classname="tests.test_barseq" name="test_flm" time="107.094" /><testcase classname="tests.test_brainsaw" name="test_create_yaml" time="0.013" /><testcase classname="tests.test_brainsaw" name="test_parse_yaml" time="0.002" /><testcase classname="tests.test_brainsaw" name="test_flm" time="0.002" /><testcase classname="tests.test_components.test_cli" name="test_config" time="7.977" /><testcase classname="tests.test_components.test_cli" name="test_add_password" time="0.030" /><testcase classname="tests.test_components.test_cli" name="test_create_yaml" time="10.439" /><testcase classname="tests.test_components.test_cli" name="test_make_full_yaml" time="99.508" /><testcase classname="tests.test_components.test_cli" name="test_upload" time="89.236" /><testcase classname="tests.test_components.test_cli" name="test_flm_issues" time="197.272" /><testcase classname="tests.test_components.test_main" name="test_get_flexilims_session" time="0.858" /><testcase classname="tests.test_components.test_main" name="test_format_results" time="0.006" /><testcase classname="tests.test_components.test_main" name="test_get_experimental_sessions" time="1.760" /><testcase classname="tests.test_components.test_main" name="test_get_entities" time="3.651" /><testcase classname="tests.test_components.test_main" name="test_get_entity" time="0.569" /><testcase classname="tests.test_components.test_main" name="test_get_mouse_id" time="1.600" /><testcase classname="tests.test_components.test_main" name="test_generate_name" time="9.297" /><testcase classname="tests.test_components.test_main" name="test_get_children" time="7.575" /><testcase classname="tests.test_components.test_main" name="test_add_entity" time="5.335" /><testcase classname="tests.test_components.test_main" name="test_update_entity" time="16.132" /><testcase classname="tests.test_components.test_mcms" name="test_download_mouse" time="54.396" /><testcase classname="tests.test_components.test_mcms" name="test_get_mouse_df" time="30.022" /><testcase classname="tests.test_components.test_utils" name="test_create_config" time="0.079" /><testcase classname="tests.test_components.test_utils" name="test_update_config" time="1.165" /><testcase classname="tests.test_components.test_utils" name="test_passwd_creation" time="0.033" /><testcase classname="tests.test_components.test_utils" name="test_check_flexilims_paths" time="266.042" /><testcase classname="tests.test_components.test_utils" name="test_check_flexilims_names" time="120.842"><failure message="requests.exceptions.ConnectionError: ('Connection aborted.', RemoteDisconnected('Remote end closed connection without response'))">self = &lt;urllib3.connectionpool.HTTPSConnectionPool object at 0x7f886a50b040&gt;
method = 'GET', url = '/flexilims/api/get-children?id=629c84f6df669608582d990b'
body = None
headers = {'User-Agent': 'python-requests/2.27.1', 'Accept-Encoding': 'gzip, deflate', 'Accept': '*/*', 'Connection': 'keep-alive', 'Authorization': 'Bearer 71950a78-86df-4e8e-a45b-7adb04359d86'}
retries = Retry(total=0, connect=None, read=False, redirect=None, status=None)
redirect = False, assert_same_host = False
timeout = Timeout(connect=None, read=None, total=None), pool_timeout = None
release_conn = False, chunked = False, body_pos = None
response_kw = {'decode_content': False, 'preload_content': False}
parsed_url = Url(scheme=None, auth=None, host=None, port=None, path='/flexilims/api/get-children', query='id=629c84f6df669608582d990b', fragment=None)
destination_scheme = None, conn = None, release_this_conn = True
http_tunnel_required = False, err = None, clean_exit = False

    def urlopen(
        self,
        method,
        url,
        body=None,
        headers=None,
        retries=None,
        redirect=True,
        assert_same_host=True,
        timeout=_Default,
        pool_timeout=None,
        release_conn=None,
        chunked=False,
        body_pos=None,
        **response_kw
    ):
        """
        Get a connection from the pool and perform an HTTP request. This is the
        lowest level call for making a request, so you'll need to specify all
        the raw details.
    
        .. note::
    
           More commonly, it's appropriate to use a convenience method provided
           by :class:`.RequestMethods`, such as :meth:`request`.
    
        .. note::
    
           `release_conn` will only behave as expected if
           `preload_content=False` because we want to make
           `preload_content=False` the default behaviour someday soon without
           breaking backwards compatibility.
    
        :param method:
            HTTP request method (such as GET, POST, PUT, etc.)
    
        :param url:
            The URL to perform the request on.
    
        :param body:
            Data to send in the request body, either :class:`str`, :class:`bytes`,
            an iterable of :class:`str`/:class:`bytes`, or a file-like object.
    
        :param headers:
            Dictionary of custom headers to send, such as User-Agent,
            If-None-Match, etc. If None, pool headers are used. If provided,
            these headers completely replace any pool-specific headers.
    
        :param retries:
            Configure the number of retries to allow before raising a
            :class:`~urllib3.exceptions.MaxRetryError` exception.
    
            Pass ``None`` to retry until you receive a response. Pass a
            :class:`~urllib3.util.retry.Retry` object for fine-grained control
            over different types of retries.
            Pass an integer number to retry connection errors that many times,
            but no other types of errors. Pass zero to never retry.
    
            If ``False``, then retries are disabled and any exception is raised
            immediately. Also, instead of raising a MaxRetryError on redirects,
            the redirect response will be returned.
    
        :type retries: :class:`~urllib3.util.retry.Retry`, False, or an int.
    
        :param redirect:
            If True, automatically handle redirects (status codes 301, 302,
            303, 307, 308). Each redirect counts as a retry. Disabling retries
            will disable redirect, too.
    
        :param assert_same_host:
            If ``True``, will make sure that the host of the pool requests is
            consistent else will raise HostChangedError. When ``False``, you can
            use the pool on an HTTP proxy and request foreign hosts.
    
        :param timeout:
            If specified, overrides the default timeout for this one
            request. It may be a float (in seconds) or an instance of
            :class:`urllib3.util.Timeout`.
    
        :param pool_timeout:
            If set and the pool is set to block=True, then this method will
            block for ``pool_timeout`` seconds and raise EmptyPoolError if no
            connection is available within the time period.
    
        :param release_conn:
            If False, then the urlopen call will not release the connection
            back into the pool once a response is received (but will release if
            you read the entire contents of the response such as when
            `preload_content=True`). This is useful if you're not preloading
            the response's content immediately. You will need to call
            ``r.release_conn()`` on the response ``r`` to return the connection
            back into the pool. If None, it takes the value of
            ``response_kw.get('preload_content', True)``.
    
        :param chunked:
            If True, urllib3 will send the body using chunked transfer
            encoding. Otherwise, urllib3 will send the body using the standard
            content-length form. Defaults to False.
    
        :param int body_pos:
            Position to seek to in file-like body in the event of a retry or
            redirect. Typically this won't need to be set because urllib3 will
            auto-populate the value when needed.
    
        :param \\**response_kw:
            Additional parameters are passed to
            :meth:`urllib3.response.HTTPResponse.from_httplib`
        """
    
        parsed_url = parse_url(url)
        destination_scheme = parsed_url.scheme
    
        if headers is None:
            headers = self.headers
    
        if not isinstance(retries, Retry):
            retries = Retry.from_int(retries, redirect=redirect, default=self.retries)
    
        if release_conn is None:
            release_conn = response_kw.get("preload_content", True)
    
        # Check host
        if assert_same_host and not self.is_same_host(url):
            raise HostChangedError(self, url, retries)
    
        # Ensure that the URL we're connecting to is properly encoded
        if url.startswith("/"):
            url = six.ensure_str(_encode_target(url))
        else:
            url = six.ensure_str(parsed_url.url)
    
        conn = None
    
        # Track whether `conn` needs to be released before
        # returning/raising/recursing. Update this variable if necessary, and
        # leave `release_conn` constant throughout the function. That way, if
        # the function recurses, the original value of `release_conn` will be
        # passed down into the recursive call, and its value will be respected.
        #
        # See issue #651 [1] for details.
        #
        # [1] &lt;https://github.com/urllib3/urllib3/issues/651&gt;
        release_this_conn = release_conn
    
        http_tunnel_required = connection_requires_http_tunnel(
            self.proxy, self.proxy_config, destination_scheme
        )
    
        # Merge the proxy headers. Only done when not using HTTP CONNECT. We
        # have to copy the headers dict so we can safely change it without those
        # changes being reflected in anyone else's copy.
        if not http_tunnel_required:
            headers = headers.copy()
            headers.update(self.proxy_headers)
    
        # Must keep the exception bound to a separate variable or else Python 3
        # complains about UnboundLocalError.
        err = None
    
        # Keep track of whether we cleanly exited the except block. This
        # ensures we do proper cleanup in finally.
        clean_exit = False
    
        # Rewind body position, if needed. Record current position
        # for future rewinds in the event of a redirect/retry.
        body_pos = set_file_position(body, body_pos)
    
        try:
            # Request a connection from the queue.
            timeout_obj = self._get_timeout(timeout)
            conn = self._get_conn(timeout=pool_timeout)
    
            conn.timeout = timeout_obj.connect_timeout
    
            is_new_proxy_conn = self.proxy is not None and not getattr(
                conn, "sock", None
            )
            if is_new_proxy_conn and http_tunnel_required:
                self._prepare_proxy(conn)
    
            # Make the request on the httplib connection object.
&gt;           httplib_response = self._make_request(
                conn,
                method,
                url,
                timeout=timeout_obj,
                body=body,
                headers=headers,
                chunked=chunked,
            )

../../../.conda/envs/flexiznam/lib/python3.9/site-packages/urllib3/connectionpool.py:703: 
_ _ _ _ _ _ _ _ _ _ _ _ _ _ _ _ _ _ _ _ _ _ _ _ _ _ _ _ _ _ _ _ _ _ _ _ _ _ _ _ 

self = &lt;urllib3.connectionpool.HTTPSConnectionPool object at 0x7f886a50b040&gt;
conn = &lt;urllib3.connection.HTTPSConnection object at 0x7f886a624370&gt;
method = 'GET', url = '/flexilims/api/get-children?id=629c84f6df669608582d990b'
timeout = Timeout(connect=None, read=None, total=None), chunked = False
httplib_request_kw = {'body': None, 'headers': {'User-Agent': 'python-requests/2.27.1', 'Accept-Encoding': 'gzip, deflate', 'Accept': '*/*', 'Connection': 'keep-alive', 'Authorization': 'Bearer 71950a78-86df-4e8e-a45b-7adb04359d86'}}
timeout_obj = Timeout(connect=None, read=None, total=None), read_timeout = None

    def _make_request(
        self, conn, method, url, timeout=_Default, chunked=False, **httplib_request_kw
    ):
        """
        Perform a request on a given urllib connection object taken from our
        pool.
    
        :param conn:
            a connection from one of our connection pools
    
        :param timeout:
            Socket timeout in seconds for the request. This can be a
            float or integer, which will set the same timeout value for
            the socket connect and the socket read, or an instance of
            :class:`urllib3.util.Timeout`, which gives you more fine-grained
            control over your timeouts.
        """
        self.num_requests += 1
    
        timeout_obj = self._get_timeout(timeout)
        timeout_obj.start_connect()
        conn.timeout = timeout_obj.connect_timeout
    
        # Trigger any extra validation we need to do.
        try:
            self._validate_conn(conn)
        except (SocketTimeout, BaseSSLError) as e:
            # Py2 raises this as a BaseSSLError, Py3 raises it as socket timeout.
            self._raise_timeout(err=e, url=url, timeout_value=conn.timeout)
            raise
    
        # conn.request() calls http.client.*.request, not the method in
        # urllib3.request. It also calls makefile (recv) on the socket.
        try:
            if chunked:
                conn.request_chunked(method, url, **httplib_request_kw)
            else:
                conn.request(method, url, **httplib_request_kw)
    
        # We are swallowing BrokenPipeError (errno.EPIPE) since the server is
        # legitimately able to close the connection after sending a valid response.
        # With this behaviour, the received response is still readable.
        except BrokenPipeError:
            # Python 3
            pass
        except IOError as e:
            # Python 2 and macOS/Linux
            # EPIPE and ESHUTDOWN are BrokenPipeError on Python 2, and EPROTOTYPE is needed on macOS
            # https://erickt.github.io/blog/2014/11/19/adventures-in-debugging-a-potential-osx-kernel-bug/
            if e.errno not in {
                errno.EPIPE,
                errno.ESHUTDOWN,
                errno.EPROTOTYPE,
            }:
                raise
    
        # Reset the timeout for the recv() on the socket
        read_timeout = timeout_obj.read_timeout
    
        # App Engine doesn't have a sock attr
        if getattr(conn, "sock", None):
            # In Python 3 socket.py will catch EAGAIN and return None when you
            # try and read into the file pointer created by http.client, which
            # instead raises a BadStatusLine exception. Instead of catching
            # the exception and assuming all BadStatusLine exceptions are read
            # timeouts, check for a zero timeout before making the request.
            if read_timeout == 0:
                raise ReadTimeoutError(
                    self, url, "Read timed out. (read timeout=%s)" % read_timeout
                )
            if read_timeout is Timeout.DEFAULT_TIMEOUT:
                conn.sock.settimeout(socket.getdefaulttimeout())
            else:  # None or a value
                conn.sock.settimeout(read_timeout)
    
        # Receive the response from the server
        try:
            try:
                # Python 2.7, use buffering of HTTP responses
                httplib_response = conn.getresponse(buffering=True)
            except TypeError:
                # Python 3
                try:
                    httplib_response = conn.getresponse()
                except BaseException as e:
                    # Remove the TypeError from the exception chain in
                    # Python 3 (including for exceptions like SystemExit).
                    # Otherwise it looks like a bug in the code.
&gt;                   six.raise_from(e, None)

../../../.conda/envs/flexiznam/lib/python3.9/site-packages/urllib3/connectionpool.py:449: 
_ _ _ _ _ _ _ _ _ _ _ _ _ _ _ _ _ _ _ _ _ _ _ _ _ _ _ _ _ _ _ _ _ _ _ _ _ _ _ _ 

value = None, from_value = None

&gt;   ???

&lt;string&gt;:3: 
_ _ _ _ _ _ _ _ _ _ _ _ _ _ _ _ _ _ _ _ _ _ _ _ _ _ _ _ _ _ _ _ _ _ _ _ _ _ _ _ 

self = &lt;urllib3.connectionpool.HTTPSConnectionPool object at 0x7f886a50b040&gt;
conn = &lt;urllib3.connection.HTTPSConnection object at 0x7f886a624370&gt;
method = 'GET', url = '/flexilims/api/get-children?id=629c84f6df669608582d990b'
timeout = Timeout(connect=None, read=None, total=None), chunked = False
httplib_request_kw = {'body': None, 'headers': {'User-Agent': 'python-requests/2.27.1', 'Accept-Encoding': 'gzip, deflate', 'Accept': '*/*', 'Connection': 'keep-alive', 'Authorization': 'Bearer 71950a78-86df-4e8e-a45b-7adb04359d86'}}
timeout_obj = Timeout(connect=None, read=None, total=None), read_timeout = None

    def _make_request(
        self, conn, method, url, timeout=_Default, chunked=False, **httplib_request_kw
    ):
        """
        Perform a request on a given urllib connection object taken from our
        pool.
    
        :param conn:
            a connection from one of our connection pools
    
        :param timeout:
            Socket timeout in seconds for the request. This can be a
            float or integer, which will set the same timeout value for
            the socket connect and the socket read, or an instance of
            :class:`urllib3.util.Timeout`, which gives you more fine-grained
            control over your timeouts.
        """
        self.num_requests += 1
    
        timeout_obj = self._get_timeout(timeout)
        timeout_obj.start_connect()
        conn.timeout = timeout_obj.connect_timeout
    
        # Trigger any extra validation we need to do.
        try:
            self._validate_conn(conn)
        except (SocketTimeout, BaseSSLError) as e:
            # Py2 raises this as a BaseSSLError, Py3 raises it as socket timeout.
            self._raise_timeout(err=e, url=url, timeout_value=conn.timeout)
            raise
    
        # conn.request() calls http.client.*.request, not the method in
        # urllib3.request. It also calls makefile (recv) on the socket.
        try:
            if chunked:
                conn.request_chunked(method, url, **httplib_request_kw)
            else:
                conn.request(method, url, **httplib_request_kw)
    
        # We are swallowing BrokenPipeError (errno.EPIPE) since the server is
        # legitimately able to close the connection after sending a valid response.
        # With this behaviour, the received response is still readable.
        except BrokenPipeError:
            # Python 3
            pass
        except IOError as e:
            # Python 2 and macOS/Linux
            # EPIPE and ESHUTDOWN are BrokenPipeError on Python 2, and EPROTOTYPE is needed on macOS
            # https://erickt.github.io/blog/2014/11/19/adventures-in-debugging-a-potential-osx-kernel-bug/
            if e.errno not in {
                errno.EPIPE,
                errno.ESHUTDOWN,
                errno.EPROTOTYPE,
            }:
                raise
    
        # Reset the timeout for the recv() on the socket
        read_timeout = timeout_obj.read_timeout
    
        # App Engine doesn't have a sock attr
        if getattr(conn, "sock", None):
            # In Python 3 socket.py will catch EAGAIN and return None when you
            # try and read into the file pointer created by http.client, which
            # instead raises a BadStatusLine exception. Instead of catching
            # the exception and assuming all BadStatusLine exceptions are read
            # timeouts, check for a zero timeout before making the request.
            if read_timeout == 0:
                raise ReadTimeoutError(
                    self, url, "Read timed out. (read timeout=%s)" % read_timeout
                )
            if read_timeout is Timeout.DEFAULT_TIMEOUT:
                conn.sock.settimeout(socket.getdefaulttimeout())
            else:  # None or a value
                conn.sock.settimeout(read_timeout)
    
        # Receive the response from the server
        try:
            try:
                # Python 2.7, use buffering of HTTP responses
                httplib_response = conn.getresponse(buffering=True)
            except TypeError:
                # Python 3
                try:
&gt;                   httplib_response = conn.getresponse()

../../../.conda/envs/flexiznam/lib/python3.9/site-packages/urllib3/connectionpool.py:444: 
_ _ _ _ _ _ _ _ _ _ _ _ _ _ _ _ _ _ _ _ _ _ _ _ _ _ _ _ _ _ _ _ _ _ _ _ _ _ _ _ 

self = &lt;urllib3.connection.HTTPSConnection object at 0x7f886a624370&gt;

    def getresponse(self):
        """Get the response from the server.
    
        If the HTTPConnection is in the correct state, returns an
        instance of HTTPResponse or of whatever object is returned by
        the response_class variable.
    
        If a request has not been sent or if a previous response has
        not be handled, ResponseNotReady is raised.  If the HTTP
        response indicates that the connection should be closed, then
        it will be closed before the response is returned.  When the
        connection is closed, the underlying socket is closed.
        """
    
        # if a prior response has been completed, then forget about it.
        if self.__response and self.__response.isclosed():
            self.__response = None
    
        # if a prior response exists, then it must be completed (otherwise, we
        # cannot read this response's header to determine the connection-close
        # behavior)
        #
        # note: if a prior response existed, but was connection-close, then the
        # socket and response were made independent of this HTTPConnection
        # object since a new request requires that we open a whole new
        # connection
        #
        # this means the prior response had one of two states:
        #   1) will_close: this connection was reset and the prior socket and
        #                  response operate independently
        #   2) persistent: the response was retained and we await its
        #                  isclosed() status to become true.
        #
        if self.__state != _CS_REQ_SENT or self.__response:
            raise ResponseNotReady(self.__state)
    
        if self.debuglevel &gt; 0:
            response = self.response_class(self.sock, self.debuglevel,
                                           method=self._method)
        else:
            response = self.response_class(self.sock, method=self._method)
    
        try:
            try:
&gt;               response.begin()

../../../.conda/envs/flexiznam/lib/python3.9/http/client.py:1371: 
_ _ _ _ _ _ _ _ _ _ _ _ _ _ _ _ _ _ _ _ _ _ _ _ _ _ _ _ _ _ _ _ _ _ _ _ _ _ _ _ 

self = &lt;http.client.HTTPResponse object at 0x7f886a6cd5e0&gt;

    def begin(self):
        if self.headers is not None:
            # we've already started reading the response
            return
    
        # read until we get a non-100 response
        while True:
&gt;           version, status, reason = self._read_status()

../../../.conda/envs/flexiznam/lib/python3.9/http/client.py:319: 
_ _ _ _ _ _ _ _ _ _ _ _ _ _ _ _ _ _ _ _ _ _ _ _ _ _ _ _ _ _ _ _ _ _ _ _ _ _ _ _ 

self = &lt;http.client.HTTPResponse object at 0x7f886a6cd5e0&gt;

    def _read_status(self):
        line = str(self.fp.readline(_MAXLINE + 1), "iso-8859-1")
        if len(line) &gt; _MAXLINE:
            raise LineTooLong("status line")
        if self.debuglevel &gt; 0:
            print("reply:", repr(line))
        if not line:
            # Presumably, the server closed the connection before
            # sending a valid response.
&gt;           raise RemoteDisconnected("Remote end closed connection without"
                                     " response")
E           http.client.RemoteDisconnected: Remote end closed connection without response

../../../.conda/envs/flexiznam/lib/python3.9/http/client.py:288: RemoteDisconnected

During handling of the above exception, another exception occurred:

self = &lt;requests.adapters.HTTPAdapter object at 0x7f886a10ea00&gt;
request = &lt;PreparedRequest [GET]&gt;, stream = False
timeout = Timeout(connect=None, read=None, total=None), verify = True
cert = None, proxies = OrderedDict()

    def send(self, request, stream=False, timeout=None, verify=True, cert=None, proxies=None):
        """Sends PreparedRequest object. Returns Response object.
    
        :param request: The :class:`PreparedRequest &lt;PreparedRequest&gt;` being sent.
        :param stream: (optional) Whether to stream the request content.
        :param timeout: (optional) How long to wait for the server to send
            data before giving up, as a float, or a :ref:`(connect timeout,
            read timeout) &lt;timeouts&gt;` tuple.
        :type timeout: float or tuple or urllib3 Timeout object
        :param verify: (optional) Either a boolean, in which case it controls whether
            we verify the server's TLS certificate, or a string, in which case it
            must be a path to a CA bundle to use
        :param cert: (optional) Any user-provided SSL certificate to be trusted.
        :param proxies: (optional) The proxies dictionary to apply to the request.
        :rtype: requests.Response
        """
    
        try:
            conn = self.get_connection(request.url, proxies)
        except LocationValueError as e:
            raise InvalidURL(e, request=request)
    
        self.cert_verify(conn, request.url, verify, cert)
        url = self.request_url(request, proxies)
        self.add_headers(request, stream=stream, timeout=timeout, verify=verify, cert=cert, proxies=proxies)
    
        chunked = not (request.body is None or 'Content-Length' in request.headers)
    
        if isinstance(timeout, tuple):
            try:
                connect, read = timeout
                timeout = TimeoutSauce(connect=connect, read=read)
            except ValueError as e:
                # this may raise a string formatting error.
                err = ("Invalid timeout {}. Pass a (connect, read) "
                       "timeout tuple, or a single float to set "
                       "both timeouts to the same value".format(timeout))
                raise ValueError(err)
        elif isinstance(timeout, TimeoutSauce):
            pass
        else:
            timeout = TimeoutSauce(connect=timeout, read=timeout)
    
        try:
            if not chunked:
&gt;               resp = conn.urlopen(
                    method=request.method,
                    url=url,
                    body=request.body,
                    headers=request.headers,
                    redirect=False,
                    assert_same_host=False,
                    preload_content=False,
                    decode_content=False,
                    retries=self.max_retries,
                    timeout=timeout
                )

../../../.conda/envs/flexiznam/lib/python3.9/site-packages/requests/adapters.py:440: 
_ _ _ _ _ _ _ _ _ _ _ _ _ _ _ _ _ _ _ _ _ _ _ _ _ _ _ _ _ _ _ _ _ _ _ _ _ _ _ _ 

self = &lt;urllib3.connectionpool.HTTPSConnectionPool object at 0x7f886a50b040&gt;
method = 'GET', url = '/flexilims/api/get-children?id=629c84f6df669608582d990b'
body = None
headers = {'User-Agent': 'python-requests/2.27.1', 'Accept-Encoding': 'gzip, deflate', 'Accept': '*/*', 'Connection': 'keep-alive', 'Authorization': 'Bearer 71950a78-86df-4e8e-a45b-7adb04359d86'}
retries = Retry(total=0, connect=None, read=False, redirect=None, status=None)
redirect = False, assert_same_host = False
timeout = Timeout(connect=None, read=None, total=None), pool_timeout = None
release_conn = False, chunked = False, body_pos = None
response_kw = {'decode_content': False, 'preload_content': False}
parsed_url = Url(scheme=None, auth=None, host=None, port=None, path='/flexilims/api/get-children', query='id=629c84f6df669608582d990b', fragment=None)
destination_scheme = None, conn = None, release_this_conn = True
http_tunnel_required = False, err = None, clean_exit = False

    def urlopen(
        self,
        method,
        url,
        body=None,
        headers=None,
        retries=None,
        redirect=True,
        assert_same_host=True,
        timeout=_Default,
        pool_timeout=None,
        release_conn=None,
        chunked=False,
        body_pos=None,
        **response_kw
    ):
        """
        Get a connection from the pool and perform an HTTP request. This is the
        lowest level call for making a request, so you'll need to specify all
        the raw details.
    
        .. note::
    
           More commonly, it's appropriate to use a convenience method provided
           by :class:`.RequestMethods`, such as :meth:`request`.
    
        .. note::
    
           `release_conn` will only behave as expected if
           `preload_content=False` because we want to make
           `preload_content=False` the default behaviour someday soon without
           breaking backwards compatibility.
    
        :param method:
            HTTP request method (such as GET, POST, PUT, etc.)
    
        :param url:
            The URL to perform the request on.
    
        :param body:
            Data to send in the request body, either :class:`str`, :class:`bytes`,
            an iterable of :class:`str`/:class:`bytes`, or a file-like object.
    
        :param headers:
            Dictionary of custom headers to send, such as User-Agent,
            If-None-Match, etc. If None, pool headers are used. If provided,
            these headers completely replace any pool-specific headers.
    
        :param retries:
            Configure the number of retries to allow before raising a
            :class:`~urllib3.exceptions.MaxRetryError` exception.
    
            Pass ``None`` to retry until you receive a response. Pass a
            :class:`~urllib3.util.retry.Retry` object for fine-grained control
            over different types of retries.
            Pass an integer number to retry connection errors that many times,
            but no other types of errors. Pass zero to never retry.
    
            If ``False``, then retries are disabled and any exception is raised
            immediately. Also, instead of raising a MaxRetryError on redirects,
            the redirect response will be returned.
    
        :type retries: :class:`~urllib3.util.retry.Retry`, False, or an int.
    
        :param redirect:
            If True, automatically handle redirects (status codes 301, 302,
            303, 307, 308). Each redirect counts as a retry. Disabling retries
            will disable redirect, too.
    
        :param assert_same_host:
            If ``True``, will make sure that the host of the pool requests is
            consistent else will raise HostChangedError. When ``False``, you can
            use the pool on an HTTP proxy and request foreign hosts.
    
        :param timeout:
            If specified, overrides the default timeout for this one
            request. It may be a float (in seconds) or an instance of
            :class:`urllib3.util.Timeout`.
    
        :param pool_timeout:
            If set and the pool is set to block=True, then this method will
            block for ``pool_timeout`` seconds and raise EmptyPoolError if no
            connection is available within the time period.
    
        :param release_conn:
            If False, then the urlopen call will not release the connection
            back into the pool once a response is received (but will release if
            you read the entire contents of the response such as when
            `preload_content=True`). This is useful if you're not preloading
            the response's content immediately. You will need to call
            ``r.release_conn()`` on the response ``r`` to return the connection
            back into the pool. If None, it takes the value of
            ``response_kw.get('preload_content', True)``.
    
        :param chunked:
            If True, urllib3 will send the body using chunked transfer
            encoding. Otherwise, urllib3 will send the body using the standard
            content-length form. Defaults to False.
    
        :param int body_pos:
            Position to seek to in file-like body in the event of a retry or
            redirect. Typically this won't need to be set because urllib3 will
            auto-populate the value when needed.
    
        :param \\**response_kw:
            Additional parameters are passed to
            :meth:`urllib3.response.HTTPResponse.from_httplib`
        """
    
        parsed_url = parse_url(url)
        destination_scheme = parsed_url.scheme
    
        if headers is None:
            headers = self.headers
    
        if not isinstance(retries, Retry):
            retries = Retry.from_int(retries, redirect=redirect, default=self.retries)
    
        if release_conn is None:
            release_conn = response_kw.get("preload_content", True)
    
        # Check host
        if assert_same_host and not self.is_same_host(url):
            raise HostChangedError(self, url, retries)
    
        # Ensure that the URL we're connecting to is properly encoded
        if url.startswith("/"):
            url = six.ensure_str(_encode_target(url))
        else:
            url = six.ensure_str(parsed_url.url)
    
        conn = None
    
        # Track whether `conn` needs to be released before
        # returning/raising/recursing. Update this variable if necessary, and
        # leave `release_conn` constant throughout the function. That way, if
        # the function recurses, the original value of `release_conn` will be
        # passed down into the recursive call, and its value will be respected.
        #
        # See issue #651 [1] for details.
        #
        # [1] &lt;https://github.com/urllib3/urllib3/issues/651&gt;
        release_this_conn = release_conn
    
        http_tunnel_required = connection_requires_http_tunnel(
            self.proxy, self.proxy_config, destination_scheme
        )
    
        # Merge the proxy headers. Only done when not using HTTP CONNECT. We
        # have to copy the headers dict so we can safely change it without those
        # changes being reflected in anyone else's copy.
        if not http_tunnel_required:
            headers = headers.copy()
            headers.update(self.proxy_headers)
    
        # Must keep the exception bound to a separate variable or else Python 3
        # complains about UnboundLocalError.
        err = None
    
        # Keep track of whether we cleanly exited the except block. This
        # ensures we do proper cleanup in finally.
        clean_exit = False
    
        # Rewind body position, if needed. Record current position
        # for future rewinds in the event of a redirect/retry.
        body_pos = set_file_position(body, body_pos)
    
        try:
            # Request a connection from the queue.
            timeout_obj = self._get_timeout(timeout)
            conn = self._get_conn(timeout=pool_timeout)
    
            conn.timeout = timeout_obj.connect_timeout
    
            is_new_proxy_conn = self.proxy is not None and not getattr(
                conn, "sock", None
            )
            if is_new_proxy_conn and http_tunnel_required:
                self._prepare_proxy(conn)
    
            # Make the request on the httplib connection object.
            httplib_response = self._make_request(
                conn,
                method,
                url,
                timeout=timeout_obj,
                body=body,
                headers=headers,
                chunked=chunked,
            )
    
            # If we're going to release the connection in ``finally:``, then
            # the response doesn't need to know about the connection. Otherwise
            # it will also try to release it and we'll have a double-release
            # mess.
            response_conn = conn if not release_conn else None
    
            # Pass method to Response for length checking
            response_kw["request_method"] = method
    
            # Import httplib's response into our own wrapper object
            response = self.ResponseCls.from_httplib(
                httplib_response,
                pool=self,
                connection=response_conn,
                retries=retries,
                **response_kw
            )
    
            # Everything went great!
            clean_exit = True
    
        except EmptyPoolError:
            # Didn't get a connection from the pool, no need to clean up
            clean_exit = True
            release_this_conn = False
            raise
    
        except (
            TimeoutError,
            HTTPException,
            SocketError,
            ProtocolError,
            BaseSSLError,
            SSLError,
            CertificateError,
        ) as e:
            # Discard the connection for these exceptions. It will be
            # replaced during the next _get_conn() call.
            clean_exit = False
    
            def _is_ssl_error_message_from_http_proxy(ssl_error):
                # We're trying to detect the message 'WRONG_VERSION_NUMBER' but
                # SSLErrors are kinda all over the place when it comes to the message,
                # so we try to cover our bases here!
                message = " ".join(re.split("[^a-z]", str(ssl_error).lower()))
                return (
                    "wrong version number" in message or "unknown protocol" in message
                )
    
            # Try to detect a common user error with proxies which is to
            # set an HTTP proxy to be HTTPS when it should be 'http://'
            # (ie {'http': 'http://proxy', 'https': 'https://proxy'})
            # Instead we add a nice error message and point to a URL.
            if (
                isinstance(e, BaseSSLError)
                and self.proxy
                and _is_ssl_error_message_from_http_proxy(e)
            ):
                e = ProxyError(
                    "Your proxy appears to only use HTTP and not HTTPS, "
                    "try changing your proxy URL to be HTTP. See: "
                    "https://urllib3.readthedocs.io/en/1.26.x/advanced-usage.html"
                    "#https-proxy-error-http-proxy",
                    SSLError(e),
                )
            elif isinstance(e, (BaseSSLError, CertificateError)):
                e = SSLError(e)
            elif isinstance(e, (SocketError, NewConnectionError)) and self.proxy:
                e = ProxyError("Cannot connect to proxy.", e)
            elif isinstance(e, (SocketError, HTTPException)):
                e = ProtocolError("Connection aborted.", e)
    
&gt;           retries = retries.increment(
                method, url, error=e, _pool=self, _stacktrace=sys.exc_info()[2]
            )

../../../.conda/envs/flexiznam/lib/python3.9/site-packages/urllib3/connectionpool.py:785: 
_ _ _ _ _ _ _ _ _ _ _ _ _ _ _ _ _ _ _ _ _ _ _ _ _ _ _ _ _ _ _ _ _ _ _ _ _ _ _ _ 

self = Retry(total=0, connect=None, read=False, redirect=None, status=None)
method = 'GET', url = '/flexilims/api/get-children?id=629c84f6df669608582d990b'
response = None
error = ProtocolError('Connection aborted.', RemoteDisconnected('Remote end closed connection without response'))
_pool = &lt;urllib3.connectionpool.HTTPSConnectionPool object at 0x7f886a50b040&gt;
_stacktrace = &lt;traceback object at 0x7f886a58fe40&gt;

    def increment(
        self,
        method=None,
        url=None,
        response=None,
        error=None,
        _pool=None,
        _stacktrace=None,
    ):
        """Return a new Retry object with incremented retry counters.
    
        :param response: A response object, or None, if the server did not
            return a response.
        :type response: :class:`~urllib3.response.HTTPResponse`
        :param Exception error: An error encountered during the request, or
            None if the response was received successfully.
    
        :return: A new ``Retry`` object.
        """
        if self.total is False and error:
            # Disabled, indicate to re-raise the error.
            raise six.reraise(type(error), error, _stacktrace)
    
        total = self.total
        if total is not None:
            total -= 1
    
        connect = self.connect
        read = self.read
        redirect = self.redirect
        status_count = self.status
        other = self.other
        cause = "unknown"
        status = None
        redirect_location = None
    
        if error and self._is_connection_error(error):
            # Connect retry?
            if connect is False:
                raise six.reraise(type(error), error, _stacktrace)
            elif connect is not None:
                connect -= 1
    
        elif error and self._is_read_error(error):
            # Read retry?
            if read is False or not self._is_method_retryable(method):
&gt;               raise six.reraise(type(error), error, _stacktrace)

../../../.conda/envs/flexiznam/lib/python3.9/site-packages/urllib3/util/retry.py:550: 
_ _ _ _ _ _ _ _ _ _ _ _ _ _ _ _ _ _ _ _ _ _ _ _ _ _ _ _ _ _ _ _ _ _ _ _ _ _ _ _ 

tp = &lt;class 'urllib3.exceptions.ProtocolError'&gt;, value = None, tb = None

    def reraise(tp, value, tb=None):
        try:
            if value is None:
                value = tp()
            if value.__traceback__ is not tb:
&gt;               raise value.with_traceback(tb)

../../../.conda/envs/flexiznam/lib/python3.9/site-packages/urllib3/packages/six.py:769: 
_ _ _ _ _ _ _ _ _ _ _ _ _ _ _ _ _ _ _ _ _ _ _ _ _ _ _ _ _ _ _ _ _ _ _ _ _ _ _ _ 

self = &lt;urllib3.connectionpool.HTTPSConnectionPool object at 0x7f886a50b040&gt;
method = 'GET', url = '/flexilims/api/get-children?id=629c84f6df669608582d990b'
body = None
headers = {'User-Agent': 'python-requests/2.27.1', 'Accept-Encoding': 'gzip, deflate', 'Accept': '*/*', 'Connection': 'keep-alive', 'Authorization': 'Bearer 71950a78-86df-4e8e-a45b-7adb04359d86'}
retries = Retry(total=0, connect=None, read=False, redirect=None, status=None)
redirect = False, assert_same_host = False
timeout = Timeout(connect=None, read=None, total=None), pool_timeout = None
release_conn = False, chunked = False, body_pos = None
response_kw = {'decode_content': False, 'preload_content': False}
parsed_url = Url(scheme=None, auth=None, host=None, port=None, path='/flexilims/api/get-children', query='id=629c84f6df669608582d990b', fragment=None)
destination_scheme = None, conn = None, release_this_conn = True
http_tunnel_required = False, err = None, clean_exit = False

    def urlopen(
        self,
        method,
        url,
        body=None,
        headers=None,
        retries=None,
        redirect=True,
        assert_same_host=True,
        timeout=_Default,
        pool_timeout=None,
        release_conn=None,
        chunked=False,
        body_pos=None,
        **response_kw
    ):
        """
        Get a connection from the pool and perform an HTTP request. This is the
        lowest level call for making a request, so you'll need to specify all
        the raw details.
    
        .. note::
    
           More commonly, it's appropriate to use a convenience method provided
           by :class:`.RequestMethods`, such as :meth:`request`.
    
        .. note::
    
           `release_conn` will only behave as expected if
           `preload_content=False` because we want to make
           `preload_content=False` the default behaviour someday soon without
           breaking backwards compatibility.
    
        :param method:
            HTTP request method (such as GET, POST, PUT, etc.)
    
        :param url:
            The URL to perform the request on.
    
        :param body:
            Data to send in the request body, either :class:`str`, :class:`bytes`,
            an iterable of :class:`str`/:class:`bytes`, or a file-like object.
    
        :param headers:
            Dictionary of custom headers to send, such as User-Agent,
            If-None-Match, etc. If None, pool headers are used. If provided,
            these headers completely replace any pool-specific headers.
    
        :param retries:
            Configure the number of retries to allow before raising a
            :class:`~urllib3.exceptions.MaxRetryError` exception.
    
            Pass ``None`` to retry until you receive a response. Pass a
            :class:`~urllib3.util.retry.Retry` object for fine-grained control
            over different types of retries.
            Pass an integer number to retry connection errors that many times,
            but no other types of errors. Pass zero to never retry.
    
            If ``False``, then retries are disabled and any exception is raised
            immediately. Also, instead of raising a MaxRetryError on redirects,
            the redirect response will be returned.
    
        :type retries: :class:`~urllib3.util.retry.Retry`, False, or an int.
    
        :param redirect:
            If True, automatically handle redirects (status codes 301, 302,
            303, 307, 308). Each redirect counts as a retry. Disabling retries
            will disable redirect, too.
    
        :param assert_same_host:
            If ``True``, will make sure that the host of the pool requests is
            consistent else will raise HostChangedError. When ``False``, you can
            use the pool on an HTTP proxy and request foreign hosts.
    
        :param timeout:
            If specified, overrides the default timeout for this one
            request. It may be a float (in seconds) or an instance of
            :class:`urllib3.util.Timeout`.
    
        :param pool_timeout:
            If set and the pool is set to block=True, then this method will
            block for ``pool_timeout`` seconds and raise EmptyPoolError if no
            connection is available within the time period.
    
        :param release_conn:
            If False, then the urlopen call will not release the connection
            back into the pool once a response is received (but will release if
            you read the entire contents of the response such as when
            `preload_content=True`). This is useful if you're not preloading
            the response's content immediately. You will need to call
            ``r.release_conn()`` on the response ``r`` to return the connection
            back into the pool. If None, it takes the value of
            ``response_kw.get('preload_content', True)``.
    
        :param chunked:
            If True, urllib3 will send the body using chunked transfer
            encoding. Otherwise, urllib3 will send the body using the standard
            content-length form. Defaults to False.
    
        :param int body_pos:
            Position to seek to in file-like body in the event of a retry or
            redirect. Typically this won't need to be set because urllib3 will
            auto-populate the value when needed.
    
        :param \\**response_kw:
            Additional parameters are passed to
            :meth:`urllib3.response.HTTPResponse.from_httplib`
        """
    
        parsed_url = parse_url(url)
        destination_scheme = parsed_url.scheme
    
        if headers is None:
            headers = self.headers
    
        if not isinstance(retries, Retry):
            retries = Retry.from_int(retries, redirect=redirect, default=self.retries)
    
        if release_conn is None:
            release_conn = response_kw.get("preload_content", True)
    
        # Check host
        if assert_same_host and not self.is_same_host(url):
            raise HostChangedError(self, url, retries)
    
        # Ensure that the URL we're connecting to is properly encoded
        if url.startswith("/"):
            url = six.ensure_str(_encode_target(url))
        else:
            url = six.ensure_str(parsed_url.url)
    
        conn = None
    
        # Track whether `conn` needs to be released before
        # returning/raising/recursing. Update this variable if necessary, and
        # leave `release_conn` constant throughout the function. That way, if
        # the function recurses, the original value of `release_conn` will be
        # passed down into the recursive call, and its value will be respected.
        #
        # See issue #651 [1] for details.
        #
        # [1] &lt;https://github.com/urllib3/urllib3/issues/651&gt;
        release_this_conn = release_conn
    
        http_tunnel_required = connection_requires_http_tunnel(
            self.proxy, self.proxy_config, destination_scheme
        )
    
        # Merge the proxy headers. Only done when not using HTTP CONNECT. We
        # have to copy the headers dict so we can safely change it without those
        # changes being reflected in anyone else's copy.
        if not http_tunnel_required:
            headers = headers.copy()
            headers.update(self.proxy_headers)
    
        # Must keep the exception bound to a separate variable or else Python 3
        # complains about UnboundLocalError.
        err = None
    
        # Keep track of whether we cleanly exited the except block. This
        # ensures we do proper cleanup in finally.
        clean_exit = False
    
        # Rewind body position, if needed. Record current position
        # for future rewinds in the event of a redirect/retry.
        body_pos = set_file_position(body, body_pos)
    
        try:
            # Request a connection from the queue.
            timeout_obj = self._get_timeout(timeout)
            conn = self._get_conn(timeout=pool_timeout)
    
            conn.timeout = timeout_obj.connect_timeout
    
            is_new_proxy_conn = self.proxy is not None and not getattr(
                conn, "sock", None
            )
            if is_new_proxy_conn and http_tunnel_required:
                self._prepare_proxy(conn)
    
            # Make the request on the httplib connection object.
&gt;           httplib_response = self._make_request(
                conn,
                method,
                url,
                timeout=timeout_obj,
                body=body,
                headers=headers,
                chunked=chunked,
            )

../../../.conda/envs/flexiznam/lib/python3.9/site-packages/urllib3/connectionpool.py:703: 
_ _ _ _ _ _ _ _ _ _ _ _ _ _ _ _ _ _ _ _ _ _ _ _ _ _ _ _ _ _ _ _ _ _ _ _ _ _ _ _ 

self = &lt;urllib3.connectionpool.HTTPSConnectionPool object at 0x7f886a50b040&gt;
conn = &lt;urllib3.connection.HTTPSConnection object at 0x7f886a624370&gt;
method = 'GET', url = '/flexilims/api/get-children?id=629c84f6df669608582d990b'
timeout = Timeout(connect=None, read=None, total=None), chunked = False
httplib_request_kw = {'body': None, 'headers': {'User-Agent': 'python-requests/2.27.1', 'Accept-Encoding': 'gzip, deflate', 'Accept': '*/*', 'Connection': 'keep-alive', 'Authorization': 'Bearer 71950a78-86df-4e8e-a45b-7adb04359d86'}}
timeout_obj = Timeout(connect=None, read=None, total=None), read_timeout = None

    def _make_request(
        self, conn, method, url, timeout=_Default, chunked=False, **httplib_request_kw
    ):
        """
        Perform a request on a given urllib connection object taken from our
        pool.
    
        :param conn:
            a connection from one of our connection pools
    
        :param timeout:
            Socket timeout in seconds for the request. This can be a
            float or integer, which will set the same timeout value for
            the socket connect and the socket read, or an instance of
            :class:`urllib3.util.Timeout`, which gives you more fine-grained
            control over your timeouts.
        """
        self.num_requests += 1
    
        timeout_obj = self._get_timeout(timeout)
        timeout_obj.start_connect()
        conn.timeout = timeout_obj.connect_timeout
    
        # Trigger any extra validation we need to do.
        try:
            self._validate_conn(conn)
        except (SocketTimeout, BaseSSLError) as e:
            # Py2 raises this as a BaseSSLError, Py3 raises it as socket timeout.
            self._raise_timeout(err=e, url=url, timeout_value=conn.timeout)
            raise
    
        # conn.request() calls http.client.*.request, not the method in
        # urllib3.request. It also calls makefile (recv) on the socket.
        try:
            if chunked:
                conn.request_chunked(method, url, **httplib_request_kw)
            else:
                conn.request(method, url, **httplib_request_kw)
    
        # We are swallowing BrokenPipeError (errno.EPIPE) since the server is
        # legitimately able to close the connection after sending a valid response.
        # With this behaviour, the received response is still readable.
        except BrokenPipeError:
            # Python 3
            pass
        except IOError as e:
            # Python 2 and macOS/Linux
            # EPIPE and ESHUTDOWN are BrokenPipeError on Python 2, and EPROTOTYPE is needed on macOS
            # https://erickt.github.io/blog/2014/11/19/adventures-in-debugging-a-potential-osx-kernel-bug/
            if e.errno not in {
                errno.EPIPE,
                errno.ESHUTDOWN,
                errno.EPROTOTYPE,
            }:
                raise
    
        # Reset the timeout for the recv() on the socket
        read_timeout = timeout_obj.read_timeout
    
        # App Engine doesn't have a sock attr
        if getattr(conn, "sock", None):
            # In Python 3 socket.py will catch EAGAIN and return None when you
            # try and read into the file pointer created by http.client, which
            # instead raises a BadStatusLine exception. Instead of catching
            # the exception and assuming all BadStatusLine exceptions are read
            # timeouts, check for a zero timeout before making the request.
            if read_timeout == 0:
                raise ReadTimeoutError(
                    self, url, "Read timed out. (read timeout=%s)" % read_timeout
                )
            if read_timeout is Timeout.DEFAULT_TIMEOUT:
                conn.sock.settimeout(socket.getdefaulttimeout())
            else:  # None or a value
                conn.sock.settimeout(read_timeout)
    
        # Receive the response from the server
        try:
            try:
                # Python 2.7, use buffering of HTTP responses
                httplib_response = conn.getresponse(buffering=True)
            except TypeError:
                # Python 3
                try:
                    httplib_response = conn.getresponse()
                except BaseException as e:
                    # Remove the TypeError from the exception chain in
                    # Python 3 (including for exceptions like SystemExit).
                    # Otherwise it looks like a bug in the code.
&gt;                   six.raise_from(e, None)

../../../.conda/envs/flexiznam/lib/python3.9/site-packages/urllib3/connectionpool.py:449: 
_ _ _ _ _ _ _ _ _ _ _ _ _ _ _ _ _ _ _ _ _ _ _ _ _ _ _ _ _ _ _ _ _ _ _ _ _ _ _ _ 

value = None, from_value = None

&gt;   ???

&lt;string&gt;:3: 
_ _ _ _ _ _ _ _ _ _ _ _ _ _ _ _ _ _ _ _ _ _ _ _ _ _ _ _ _ _ _ _ _ _ _ _ _ _ _ _ 

self = &lt;urllib3.connectionpool.HTTPSConnectionPool object at 0x7f886a50b040&gt;
conn = &lt;urllib3.connection.HTTPSConnection object at 0x7f886a624370&gt;
method = 'GET', url = '/flexilims/api/get-children?id=629c84f6df669608582d990b'
timeout = Timeout(connect=None, read=None, total=None), chunked = False
httplib_request_kw = {'body': None, 'headers': {'User-Agent': 'python-requests/2.27.1', 'Accept-Encoding': 'gzip, deflate', 'Accept': '*/*', 'Connection': 'keep-alive', 'Authorization': 'Bearer 71950a78-86df-4e8e-a45b-7adb04359d86'}}
timeout_obj = Timeout(connect=None, read=None, total=None), read_timeout = None

    def _make_request(
        self, conn, method, url, timeout=_Default, chunked=False, **httplib_request_kw
    ):
        """
        Perform a request on a given urllib connection object taken from our
        pool.
    
        :param conn:
            a connection from one of our connection pools
    
        :param timeout:
            Socket timeout in seconds for the request. This can be a
            float or integer, which will set the same timeout value for
            the socket connect and the socket read, or an instance of
            :class:`urllib3.util.Timeout`, which gives you more fine-grained
            control over your timeouts.
        """
        self.num_requests += 1
    
        timeout_obj = self._get_timeout(timeout)
        timeout_obj.start_connect()
        conn.timeout = timeout_obj.connect_timeout
    
        # Trigger any extra validation we need to do.
        try:
            self._validate_conn(conn)
        except (SocketTimeout, BaseSSLError) as e:
            # Py2 raises this as a BaseSSLError, Py3 raises it as socket timeout.
            self._raise_timeout(err=e, url=url, timeout_value=conn.timeout)
            raise
    
        # conn.request() calls http.client.*.request, not the method in
        # urllib3.request. It also calls makefile (recv) on the socket.
        try:
            if chunked:
                conn.request_chunked(method, url, **httplib_request_kw)
            else:
                conn.request(method, url, **httplib_request_kw)
    
        # We are swallowing BrokenPipeError (errno.EPIPE) since the server is
        # legitimately able to close the connection after sending a valid response.
        # With this behaviour, the received response is still readable.
        except BrokenPipeError:
            # Python 3
            pass
        except IOError as e:
            # Python 2 and macOS/Linux
            # EPIPE and ESHUTDOWN are BrokenPipeError on Python 2, and EPROTOTYPE is needed on macOS
            # https://erickt.github.io/blog/2014/11/19/adventures-in-debugging-a-potential-osx-kernel-bug/
            if e.errno not in {
                errno.EPIPE,
                errno.ESHUTDOWN,
                errno.EPROTOTYPE,
            }:
                raise
    
        # Reset the timeout for the recv() on the socket
        read_timeout = timeout_obj.read_timeout
    
        # App Engine doesn't have a sock attr
        if getattr(conn, "sock", None):
            # In Python 3 socket.py will catch EAGAIN and return None when you
            # try and read into the file pointer created by http.client, which
            # instead raises a BadStatusLine exception. Instead of catching
            # the exception and assuming all BadStatusLine exceptions are read
            # timeouts, check for a zero timeout before making the request.
            if read_timeout == 0:
                raise ReadTimeoutError(
                    self, url, "Read timed out. (read timeout=%s)" % read_timeout
                )
            if read_timeout is Timeout.DEFAULT_TIMEOUT:
                conn.sock.settimeout(socket.getdefaulttimeout())
            else:  # None or a value
                conn.sock.settimeout(read_timeout)
    
        # Receive the response from the server
        try:
            try:
                # Python 2.7, use buffering of HTTP responses
                httplib_response = conn.getresponse(buffering=True)
            except TypeError:
                # Python 3
                try:
&gt;                   httplib_response = conn.getresponse()

../../../.conda/envs/flexiznam/lib/python3.9/site-packages/urllib3/connectionpool.py:444: 
_ _ _ _ _ _ _ _ _ _ _ _ _ _ _ _ _ _ _ _ _ _ _ _ _ _ _ _ _ _ _ _ _ _ _ _ _ _ _ _ 

self = &lt;urllib3.connection.HTTPSConnection object at 0x7f886a624370&gt;

    def getresponse(self):
        """Get the response from the server.
    
        If the HTTPConnection is in the correct state, returns an
        instance of HTTPResponse or of whatever object is returned by
        the response_class variable.
    
        If a request has not been sent or if a previous response has
        not be handled, ResponseNotReady is raised.  If the HTTP
        response indicates that the connection should be closed, then
        it will be closed before the response is returned.  When the
        connection is closed, the underlying socket is closed.
        """
    
        # if a prior response has been completed, then forget about it.
        if self.__response and self.__response.isclosed():
            self.__response = None
    
        # if a prior response exists, then it must be completed (otherwise, we
        # cannot read this response's header to determine the connection-close
        # behavior)
        #
        # note: if a prior response existed, but was connection-close, then the
        # socket and response were made independent of this HTTPConnection
        # object since a new request requires that we open a whole new
        # connection
        #
        # this means the prior response had one of two states:
        #   1) will_close: this connection was reset and the prior socket and
        #                  response operate independently
        #   2) persistent: the response was retained and we await its
        #                  isclosed() status to become true.
        #
        if self.__state != _CS_REQ_SENT or self.__response:
            raise ResponseNotReady(self.__state)
    
        if self.debuglevel &gt; 0:
            response = self.response_class(self.sock, self.debuglevel,
                                           method=self._method)
        else:
            response = self.response_class(self.sock, method=self._method)
    
        try:
            try:
&gt;               response.begin()

../../../.conda/envs/flexiznam/lib/python3.9/http/client.py:1371: 
_ _ _ _ _ _ _ _ _ _ _ _ _ _ _ _ _ _ _ _ _ _ _ _ _ _ _ _ _ _ _ _ _ _ _ _ _ _ _ _ 

self = &lt;http.client.HTTPResponse object at 0x7f886a6cd5e0&gt;

    def begin(self):
        if self.headers is not None:
            # we've already started reading the response
            return
    
        # read until we get a non-100 response
        while True:
&gt;           version, status, reason = self._read_status()

../../../.conda/envs/flexiznam/lib/python3.9/http/client.py:319: 
_ _ _ _ _ _ _ _ _ _ _ _ _ _ _ _ _ _ _ _ _ _ _ _ _ _ _ _ _ _ _ _ _ _ _ _ _ _ _ _ 

self = &lt;http.client.HTTPResponse object at 0x7f886a6cd5e0&gt;

    def _read_status(self):
        line = str(self.fp.readline(_MAXLINE + 1), "iso-8859-1")
        if len(line) &gt; _MAXLINE:
            raise LineTooLong("status line")
        if self.debuglevel &gt; 0:
            print("reply:", repr(line))
        if not line:
            # Presumably, the server closed the connection before
            # sending a valid response.
&gt;           raise RemoteDisconnected("Remote end closed connection without"
                                     " response")
E           urllib3.exceptions.ProtocolError: ('Connection aborted.', RemoteDisconnected('Remote end closed connection without response'))

../../../.conda/envs/flexiznam/lib/python3.9/http/client.py:288: ProtocolError

During handling of the above exception, another exception occurred:

flm_sess = &lt;flexilims.main.Flexilims object at 0x7f88688a4bb0&gt;

    def test_check_flexilims_names(flm_sess):
        df = utils.check_flexilims_names(flm_sess, root_name='mouse_physio_2p')
        assert df is None
&gt;       df = utils.check_flexilims_names(flm_sess)

test_components/test_utils.py:80: 
_ _ _ _ _ _ _ _ _ _ _ _ _ _ _ _ _ _ _ _ _ _ _ _ _ _ _ _ _ _ _ _ _ _ _ _ _ _ _ _ 
../flexiznam/utils.py:156: in check_flexilims_names
    _check_name(output, element, flexilims_session, parent_name=None,
../flexiznam/utils.py:332: in _check_name
    _check_name(output, child, flexilims_session, parent_name, recursive)
../flexiznam/utils.py:332: in _check_name
    _check_name(output, child, flexilims_session, parent_name, recursive)
../flexiznam/utils.py:330: in _check_name
    children = flz.get_children(element.id, flexilims_session=flexilims_session)
../flexiznam/main.py:791: in get_children
    results = format_results(flexilims_session.get_children(parent_id))
../../flexilims/flexilims/main.py:94: in get_children
    rep = self.session.get(self.base_url + 'get-children', params=dict(id=id))
../../../.conda/envs/flexiznam/lib/python3.9/site-packages/requests/sessions.py:542: in get
    return self.request('GET', url, **kwargs)
../../../.conda/envs/flexiznam/lib/python3.9/site-packages/requests/sessions.py:529: in request
    resp = self.send(prep, **send_kwargs)
../../../.conda/envs/flexiznam/lib/python3.9/site-packages/requests/sessions.py:645: in send
    r = adapter.send(request, **kwargs)
_ _ _ _ _ _ _ _ _ _ _ _ _ _ _ _ _ _ _ _ _ _ _ _ _ _ _ _ _ _ _ _ _ _ _ _ _ _ _ _ 

self = &lt;requests.adapters.HTTPAdapter object at 0x7f886a10ea00&gt;
request = &lt;PreparedRequest [GET]&gt;, stream = False
timeout = Timeout(connect=None, read=None, total=None), verify = True
cert = None, proxies = OrderedDict()

    def send(self, request, stream=False, timeout=None, verify=True, cert=None, proxies=None):
        """Sends PreparedRequest object. Returns Response object.
    
        :param request: The :class:`PreparedRequest &lt;PreparedRequest&gt;` being sent.
        :param stream: (optional) Whether to stream the request content.
        :param timeout: (optional) How long to wait for the server to send
            data before giving up, as a float, or a :ref:`(connect timeout,
            read timeout) &lt;timeouts&gt;` tuple.
        :type timeout: float or tuple or urllib3 Timeout object
        :param verify: (optional) Either a boolean, in which case it controls whether
            we verify the server's TLS certificate, or a string, in which case it
            must be a path to a CA bundle to use
        :param cert: (optional) Any user-provided SSL certificate to be trusted.
        :param proxies: (optional) The proxies dictionary to apply to the request.
        :rtype: requests.Response
        """
    
        try:
            conn = self.get_connection(request.url, proxies)
        except LocationValueError as e:
            raise InvalidURL(e, request=request)
    
        self.cert_verify(conn, request.url, verify, cert)
        url = self.request_url(request, proxies)
        self.add_headers(request, stream=stream, timeout=timeout, verify=verify, cert=cert, proxies=proxies)
    
        chunked = not (request.body is None or 'Content-Length' in request.headers)
    
        if isinstance(timeout, tuple):
            try:
                connect, read = timeout
                timeout = TimeoutSauce(connect=connect, read=read)
            except ValueError as e:
                # this may raise a string formatting error.
                err = ("Invalid timeout {}. Pass a (connect, read) "
                       "timeout tuple, or a single float to set "
                       "both timeouts to the same value".format(timeout))
                raise ValueError(err)
        elif isinstance(timeout, TimeoutSauce):
            pass
        else:
            timeout = TimeoutSauce(connect=timeout, read=timeout)
    
        try:
            if not chunked:
                resp = conn.urlopen(
                    method=request.method,
                    url=url,
                    body=request.body,
                    headers=request.headers,
                    redirect=False,
                    assert_same_host=False,
                    preload_content=False,
                    decode_content=False,
                    retries=self.max_retries,
                    timeout=timeout
                )
    
            # Send the request.
            else:
                if hasattr(conn, 'proxy_pool'):
                    conn = conn.proxy_pool
    
                low_conn = conn._get_conn(timeout=DEFAULT_POOL_TIMEOUT)
    
                try:
                    skip_host = 'Host' in request.headers
                    low_conn.putrequest(request.method,
                                        url,
                                        skip_accept_encoding=True,
                                        skip_host=skip_host)
    
                    for header, value in request.headers.items():
                        low_conn.putheader(header, value)
    
                    low_conn.endheaders()
    
                    for i in request.body:
                        low_conn.send(hex(len(i))[2:].encode('utf-8'))
                        low_conn.send(b'\r\n')
                        low_conn.send(i)
                        low_conn.send(b'\r\n')
                    low_conn.send(b'0\r\n\r\n')
    
                    # Receive the response from the server
                    try:
                        # For Python 2.7, use buffering of HTTP responses
                        r = low_conn.getresponse(buffering=True)
                    except TypeError:
                        # For compatibility with Python 3.3+
                        r = low_conn.getresponse()
    
                    resp = HTTPResponse.from_httplib(
                        r,
                        pool=conn,
                        connection=low_conn,
                        preload_content=False,
                        decode_content=False
                    )
                except:
                    # If we hit any problems here, clean up the connection.
                    # Then, reraise so that we can handle the actual exception.
                    low_conn.close()
                    raise
    
        except (ProtocolError, socket.error) as err:
&gt;           raise ConnectionError(err, request=request)
E           requests.exceptions.ConnectionError: ('Connection aborted.', RemoteDisconnected('Remote end closed connection without response'))

../../../.conda/envs/flexiznam/lib/python3.9/site-packages/requests/adapters.py:501: ConnectionError</failure></testcase><testcase classname="tests.test_components.test_utils" name="test_add_genealogy" time="130.655"><failure message="requests.exceptions.ConnectionError: ('Connection aborted.', RemoteDisconnected('Remote end closed connection without response'))">self = &lt;urllib3.connectionpool.HTTPSConnectionPool object at 0x7f886a50b040&gt;
method = 'GET', url = '/flexilims/api/get-children?id=629c80ecdf669608582d98de'
body = None
headers = {'User-Agent': 'python-requests/2.27.1', 'Accept-Encoding': 'gzip, deflate', 'Accept': '*/*', 'Connection': 'keep-alive', 'Authorization': 'Bearer 71950a78-86df-4e8e-a45b-7adb04359d86'}
retries = Retry(total=0, connect=None, read=False, redirect=None, status=None)
redirect = False, assert_same_host = False
timeout = Timeout(connect=None, read=None, total=None), pool_timeout = None
release_conn = False, chunked = False, body_pos = None
response_kw = {'decode_content': False, 'preload_content': False}
parsed_url = Url(scheme=None, auth=None, host=None, port=None, path='/flexilims/api/get-children', query='id=629c80ecdf669608582d98de', fragment=None)
destination_scheme = None, conn = None, release_this_conn = True
http_tunnel_required = False, err = None, clean_exit = False

    def urlopen(
        self,
        method,
        url,
        body=None,
        headers=None,
        retries=None,
        redirect=True,
        assert_same_host=True,
        timeout=_Default,
        pool_timeout=None,
        release_conn=None,
        chunked=False,
        body_pos=None,
        **response_kw
    ):
        """
        Get a connection from the pool and perform an HTTP request. This is the
        lowest level call for making a request, so you'll need to specify all
        the raw details.
    
        .. note::
    
           More commonly, it's appropriate to use a convenience method provided
           by :class:`.RequestMethods`, such as :meth:`request`.
    
        .. note::
    
           `release_conn` will only behave as expected if
           `preload_content=False` because we want to make
           `preload_content=False` the default behaviour someday soon without
           breaking backwards compatibility.
    
        :param method:
            HTTP request method (such as GET, POST, PUT, etc.)
    
        :param url:
            The URL to perform the request on.
    
        :param body:
            Data to send in the request body, either :class:`str`, :class:`bytes`,
            an iterable of :class:`str`/:class:`bytes`, or a file-like object.
    
        :param headers:
            Dictionary of custom headers to send, such as User-Agent,
            If-None-Match, etc. If None, pool headers are used. If provided,
            these headers completely replace any pool-specific headers.
    
        :param retries:
            Configure the number of retries to allow before raising a
            :class:`~urllib3.exceptions.MaxRetryError` exception.
    
            Pass ``None`` to retry until you receive a response. Pass a
            :class:`~urllib3.util.retry.Retry` object for fine-grained control
            over different types of retries.
            Pass an integer number to retry connection errors that many times,
            but no other types of errors. Pass zero to never retry.
    
            If ``False``, then retries are disabled and any exception is raised
            immediately. Also, instead of raising a MaxRetryError on redirects,
            the redirect response will be returned.
    
        :type retries: :class:`~urllib3.util.retry.Retry`, False, or an int.
    
        :param redirect:
            If True, automatically handle redirects (status codes 301, 302,
            303, 307, 308). Each redirect counts as a retry. Disabling retries
            will disable redirect, too.
    
        :param assert_same_host:
            If ``True``, will make sure that the host of the pool requests is
            consistent else will raise HostChangedError. When ``False``, you can
            use the pool on an HTTP proxy and request foreign hosts.
    
        :param timeout:
            If specified, overrides the default timeout for this one
            request. It may be a float (in seconds) or an instance of
            :class:`urllib3.util.Timeout`.
    
        :param pool_timeout:
            If set and the pool is set to block=True, then this method will
            block for ``pool_timeout`` seconds and raise EmptyPoolError if no
            connection is available within the time period.
    
        :param release_conn:
            If False, then the urlopen call will not release the connection
            back into the pool once a response is received (but will release if
            you read the entire contents of the response such as when
            `preload_content=True`). This is useful if you're not preloading
            the response's content immediately. You will need to call
            ``r.release_conn()`` on the response ``r`` to return the connection
            back into the pool. If None, it takes the value of
            ``response_kw.get('preload_content', True)``.
    
        :param chunked:
            If True, urllib3 will send the body using chunked transfer
            encoding. Otherwise, urllib3 will send the body using the standard
            content-length form. Defaults to False.
    
        :param int body_pos:
            Position to seek to in file-like body in the event of a retry or
            redirect. Typically this won't need to be set because urllib3 will
            auto-populate the value when needed.
    
        :param \\**response_kw:
            Additional parameters are passed to
            :meth:`urllib3.response.HTTPResponse.from_httplib`
        """
    
        parsed_url = parse_url(url)
        destination_scheme = parsed_url.scheme
    
        if headers is None:
            headers = self.headers
    
        if not isinstance(retries, Retry):
            retries = Retry.from_int(retries, redirect=redirect, default=self.retries)
    
        if release_conn is None:
            release_conn = response_kw.get("preload_content", True)
    
        # Check host
        if assert_same_host and not self.is_same_host(url):
            raise HostChangedError(self, url, retries)
    
        # Ensure that the URL we're connecting to is properly encoded
        if url.startswith("/"):
            url = six.ensure_str(_encode_target(url))
        else:
            url = six.ensure_str(parsed_url.url)
    
        conn = None
    
        # Track whether `conn` needs to be released before
        # returning/raising/recursing. Update this variable if necessary, and
        # leave `release_conn` constant throughout the function. That way, if
        # the function recurses, the original value of `release_conn` will be
        # passed down into the recursive call, and its value will be respected.
        #
        # See issue #651 [1] for details.
        #
        # [1] &lt;https://github.com/urllib3/urllib3/issues/651&gt;
        release_this_conn = release_conn
    
        http_tunnel_required = connection_requires_http_tunnel(
            self.proxy, self.proxy_config, destination_scheme
        )
    
        # Merge the proxy headers. Only done when not using HTTP CONNECT. We
        # have to copy the headers dict so we can safely change it without those
        # changes being reflected in anyone else's copy.
        if not http_tunnel_required:
            headers = headers.copy()
            headers.update(self.proxy_headers)
    
        # Must keep the exception bound to a separate variable or else Python 3
        # complains about UnboundLocalError.
        err = None
    
        # Keep track of whether we cleanly exited the except block. This
        # ensures we do proper cleanup in finally.
        clean_exit = False
    
        # Rewind body position, if needed. Record current position
        # for future rewinds in the event of a redirect/retry.
        body_pos = set_file_position(body, body_pos)
    
        try:
            # Request a connection from the queue.
            timeout_obj = self._get_timeout(timeout)
            conn = self._get_conn(timeout=pool_timeout)
    
            conn.timeout = timeout_obj.connect_timeout
    
            is_new_proxy_conn = self.proxy is not None and not getattr(
                conn, "sock", None
            )
            if is_new_proxy_conn and http_tunnel_required:
                self._prepare_proxy(conn)
    
            # Make the request on the httplib connection object.
&gt;           httplib_response = self._make_request(
                conn,
                method,
                url,
                timeout=timeout_obj,
                body=body,
                headers=headers,
                chunked=chunked,
            )

../../../.conda/envs/flexiznam/lib/python3.9/site-packages/urllib3/connectionpool.py:703: 
[...]
    
        # Trigger any extra validation we need to do.
        try:
            self._validate_conn(conn)
        except (SocketTimeout, BaseSSLError) as e:
            # Py2 raises this as a BaseSSLError, Py3 raises it as socket timeout.
            self._raise_timeout(err=e, url=url, timeout_value=conn.timeout)
            raise
    
        # conn.request() calls http.client.*.request, not the method in
        # urllib3.request. It also calls makefile (recv) on the socket.
        try:
            if chunked:
                conn.request_chunked(method, url, **httplib_request_kw)
            else:
                conn.request(method, url, **httplib_request_kw)
    
        # We are swallowing BrokenPipeError (errno.EPIPE) since the server is
        # legitimately able to close the connection after sending a valid response.
        # With this behaviour, the received response is still readable.
        except BrokenPipeError:
            # Python 3
            pass
        except IOError as e:
            # Python 2 and macOS/Linux
            # EPIPE and ESHUTDOWN are BrokenPipeError on Python 2, and EPROTOTYPE is needed on macOS
            # https://erickt.github.io/blog/2014/11/19/adventures-in-debugging-a-potential-osx-kernel-bug/
            if e.errno not in {
                errno.EPIPE,
                errno.ESHUTDOWN,
                errno.EPROTOTYPE,
            }:
                raise
    
        # Reset the timeout for the recv() on the socket
        read_timeout = timeout_obj.read_timeout
    
        # App Engine doesn't have a sock attr
        if getattr(conn, "sock", None):
            # In Python 3 socket.py will catch EAGAIN and return None when you
            # try and read into the file pointer created by http.client, which
            # instead raises a BadStatusLine exception. Instead of catching
            # the exception and assuming all BadStatusLine exceptions are read
            # timeouts, check for a zero timeout before making the request.
            if read_timeout == 0:
                raise ReadTimeoutError(
                    self, url, "Read timed out. (read timeout=%s)" % read_timeout
                )
            if read_timeout is Timeout.DEFAULT_TIMEOUT:
                conn.sock.settimeout(socket.getdefaulttimeout())
            else:  # None or a value
                conn.sock.settimeout(read_timeout)
    
        # Receive the response from the server
        try:
            try:
                # Python 2.7, use buffering of HTTP responses
                httplib_response = conn.getresponse(buffering=True)
            except TypeError:
                # Python 3
                try:
                    httplib_response = conn.getresponse()
                except BaseException as e:
                    # Remove the TypeError from the exception chain in
                    # Python 3 (including for exceptions like SystemExit).
                    # Otherwise it looks like a bug in the code.
&gt;                   six.raise_from(e, None)

../../../.conda/envs/flexiznam/lib/python3.9/site-packages/urllib3/connectionpool.py:449: 
_ _ _ _ _ _ _ _ _ _ _ _ _ _ _ _ _ _ _ _ _ _ _ _ _ _ _ _ _ _ _ _ _ _ _ _ _ _ _ _ 

value = None, from_value = None

&gt;   ???

&lt;string&gt;:3: 
_ _ _ _ _ _ _ _ _ _ _ _ _ _ _ _ _ _ _ _ _ _ _ _ _ _ _ _ _ _ _ _ _ _ _ _ _ _ _ _ 

self = &lt;urllib3.connectionpool.HTTPSConnectionPool object at 0x7f886a50b040&gt;
conn = &lt;urllib3.connection.HTTPSConnection object at 0x7f886ab69730&gt;
method = 'GET', url = '/flexilims/api/get-children?id=629c80ecdf669608582d98de'
timeout = Timeout(connect=None, read=None, total=None), chunked = False
httplib_request_kw = {'body': None, 'headers': {'User-Agent': 'python-requests/2.27.1', 'Accept-Encoding': 'gzip, deflate', 'Accept': '*/*', 'Connection': 'keep-alive', 'Authorization': 'Bearer 71950a78-86df-4e8e-a45b-7adb04359d86'}}
timeout_obj = Timeout(connect=None, read=None, total=None), read_timeout = None

    def _make_request(
        self, conn, method, url, timeout=_Default, chunked=False, **httplib_request_kw
    ):
        """
        Perform a request on a given urllib connection object taken from our
        pool.
    
        :param conn:
            a connection from one of our connection pools
    
        :param timeout:
            Socket timeout in seconds for the request. This can be a
            float or integer, which will set the same timeout value for
            the socket connect and the socket read, or an instance of
            :class:`urllib3.util.Timeout`, which gives you more fine-grained
            control over your timeouts.
        """
        self.num_requests += 1
    
        timeout_obj = self._get_timeout(timeout)
        timeout_obj.start_connect()
        conn.timeout = timeout_obj.connect_timeout
    
        # Trigger any extra validation we need to do.
        try:
            self._validate_conn(conn)
        except (SocketTimeout, BaseSSLError) as e:
            # Py2 raises this as a BaseSSLError, Py3 raises it as socket timeout.
            self._raise_timeout(err=e, url=url, timeout_value=conn.timeout)
            raise
    
        # conn.request() calls http.client.*.request, not the method in
        # urllib3.request. It also calls makefile (recv) on the socket.
        try:
            if chunked:
                conn.request_chunked(method, url, **httplib_request_kw)
            else:
                conn.request(method, url, **httplib_request_kw)
    
        # We are swallowing BrokenPipeError (errno.EPIPE) since the server is
        # legitimately able to close the connection after sending a valid response.
        # With this behaviour, the received response is still readable.
        except BrokenPipeError:
            # Python 3
            pass
        except IOError as e:
            # Python 2 and macOS/Linux
            # EPIPE and ESHUTDOWN are BrokenPipeError on Python 2, and EPROTOTYPE is needed on macOS
            # https://erickt.github.io/blog/2014/11/19/adventures-in-debugging-a-potential-osx-kernel-bug/
            if e.errno not in {
                errno.EPIPE,
                errno.ESHUTDOWN,
                errno.EPROTOTYPE,
            }:
                raise
    
        # Reset the timeout for the recv() on the socket
        read_timeout = timeout_obj.read_timeout
    
        # App Engine doesn't have a sock attr
        if getattr(conn, "sock", None):
            # In Python 3 socket.py will catch EAGAIN and return None when you
            # try and read into the file pointer created by http.client, which
            # instead raises a BadStatusLine exception. Instead of catching
            # the exception and assuming all BadStatusLine exceptions are read
            # timeouts, check for a zero timeout before making the request.
            if read_timeout == 0:
                raise ReadTimeoutError(
                    self, url, "Read timed out. (read timeout=%s)" % read_timeout
                )
            if read_timeout is Timeout.DEFAULT_TIMEOUT:
                conn.sock.settimeout(socket.getdefaulttimeout())
            else:  # None or a value
                conn.sock.settimeout(read_timeout)
    
        # Receive the response from the server
        try:
            try:
                # Python 2.7, use buffering of HTTP responses
                httplib_response = conn.getresponse(buffering=True)
            except TypeError:
                # Python 3
                try:
&gt;                   httplib_response = conn.getresponse()

../../../.conda/envs/flexiznam/lib/python3.9/site-packages/urllib3/connectionpool.py:444: 
_ _ _ _ _ _ _ _ _ _ _ _ _ _ _ _ _ _ _ _ _ _ _ _ _ _ _ _ _ _ _ _ _ _ _ _ _ _ _ _ 

self = &lt;urllib3.connection.HTTPSConnection object at 0x7f886ab69730&gt;

    def getresponse(self):
        """Get the response from the server.
    
        If the HTTPConnection is in the correct state, returns an
        instance of HTTPResponse or of whatever object is returned by
        the response_class variable.
    
        If a request has not been sent or if a previous response has
        not be handled, ResponseNotReady is raised.  If the HTTP
        response indicates that the connection should be closed, then
        it will be closed before the response is returned.  When the
        connection is closed, the underlying socket is closed.
        """
    
        # if a prior response has been completed, then forget about it.
        if self.__response and self.__response.isclosed():
            self.__response = None
    
        # if a prior response exists, then it must be completed (otherwise, we
        # cannot read this response's header to determine the connection-close
        # behavior)
        #
        # note: if a prior response existed, but was connection-close, then the
        # socket and response were made independent of this HTTPConnection
        # object since a new request requires that we open a whole new
        # connection
        #
        # this means the prior response had one of two states:
        #   1) will_close: this connection was reset and the prior socket and
        #                  response operate independently
        #   2) persistent: the response was retained and we await its
        #                  isclosed() status to become true.
        #
        if self.__state != _CS_REQ_SENT or self.__response:
            raise ResponseNotReady(self.__state)
    
        if self.debuglevel &gt; 0:
            response = self.response_class(self.sock, self.debuglevel,
                                           method=self._method)
        else:
            response = self.response_class(self.sock, method=self._method)
    
        try:
            try:
&gt;               response.begin()

../../../.conda/envs/flexiznam/lib/python3.9/http/client.py:1371: 
_ _ _ _ _ _ _ _ _ _ _ _ _ _ _ _ _ _ _ _ _ _ _ _ _ _ _ _ _ _ _ _ _ _ _ _ _ _ _ _ 

self = &lt;http.client.HTTPResponse object at 0x7f886ab69160&gt;

    def begin(self):
        if self.headers is not None:
            # we've already started reading the response
            return
    
        # read until we get a non-100 response
        while True:
&gt;           version, status, reason = self._read_status()

../../../.conda/envs/flexiznam/lib/python3.9/http/client.py:319: 
_ _ _ _ _ _ _ _ _ _ _ _ _ _ _ _ _ _ _ _ _ _ _ _ _ _ _ _ _ _ _ _ _ _ _ _ _ _ _ _ 

self = &lt;http.client.HTTPResponse object at 0x7f886ab69160&gt;

    def _read_status(self):
        line = str(self.fp.readline(_MAXLINE + 1), "iso-8859-1")
        if len(line) &gt; _MAXLINE:
            raise LineTooLong("status line")
        if self.debuglevel &gt; 0:
            print("reply:", repr(line))
        if not line:
            # Presumably, the server closed the connection before
            # sending a valid response.
&gt;           raise RemoteDisconnected("Remote end closed connection without"
                                     " response")
E           urllib3.exceptions.ProtocolError: ('Connection aborted.', RemoteDisconnected('Remote end closed connection without response'))

../../../.conda/envs/flexiznam/lib/python3.9/http/client.py:288: ProtocolError

During handling of the above exception, another exception occurred:

flm_sess = &lt;flexilims.main.Flexilims object at 0x7f88688a4bb0&gt;

    @pytest.mark.slow
    def test_add_genealogy(flm_sess):
        added = utils.add_genealogy(flm_sess)
        assert added == []
&gt;       added = utils.add_genealogy(flm_sess, recursive=True)

test_components/test_utils.py:90: 
_ _ _ _ _ _ _ _ _ _ _ _ _ _ _ _ _ _ _ _ _ _ _ _ _ _ _ _ _ _ _ _ _ _ _ _ _ _ _ _ 
../flexiznam/utils.py:222: in add_genealogy
    add_genealogy(flexilims_session, root_name=child.name,
../flexiznam/utils.py:181: in add_genealogy
    ok = check_flexilims_names(flexilims_session=flexilims_session, root_name=root_name,
../flexiznam/utils.py:156: in check_flexilims_names
    _check_name(output, element, flexilims_session, parent_name=None,
../flexiznam/utils.py:330: in _check_name
    children = flz.get_children(element.id, flexilims_session=flexilims_session)
../flexiznam/main.py:791: in get_children
    results = format_results(flexilims_session.get_children(parent_id))
../../flexilims/flexilims/main.py:94: in get_children
    rep = self.session.get(self.base_url + 'get-children', params=dict(id=id))
../../../.conda/envs/flexiznam/lib/python3.9/site-packages/requests/sessions.py:542: in get
    return self.request('GET', url, **kwargs)
../../../.conda/envs/flexiznam/lib/python3.9/site-packages/requests/sessions.py:529: in request
    resp = self.send(prep, **send_kwargs)
../../../.conda/envs/flexiznam/lib/python3.9/site-packages/requests/sessions.py:645: in send
    r = adapter.send(request, **kwargs)
_ _ _ _ _ _ _ _ _ _ _ _ _ _ _ _ _ _ _ _ _ _ _ _ _ _ _ _ _ _ _ _ _ _ _ _ _ _ _ _ 

self = &lt;requests.adapters.HTTPAdapter object at 0x7f886a10ea00&gt;
request = &lt;PreparedRequest [GET]&gt;, stream = False
timeout = Timeout(connect=None, read=None, total=None), verify = True
cert = None, proxies = OrderedDict()

    def send(self, request, stream=False, timeout=None, verify=True, cert=None, proxies=None):
        """Sends PreparedRequest object. Returns Response object.
    
        :param request: The :class:`PreparedRequest &lt;PreparedRequest&gt;` being sent.
        :param stream: (optional) Whether to stream the request content.
        :param timeout: (optional) How long to wait for the server to send
            data before giving up, as a float, or a :ref:`(connect timeout,
            read timeout) &lt;timeouts&gt;` tuple.
        :type timeout: float or tuple or urllib3 Timeout object
        :param verify: (optional) Either a boolean, in which case it controls whether
            we verify the server's TLS certificate, or a string, in which case it
            must be a path to a CA bundle to use
        :param cert: (optional) Any user-provided SSL certificate to be trusted.
        :param proxies: (optional) The proxies dictionary to apply to the request.
        :rtype: requests.Response
        """
    
        try:
            conn = self.get_connection(request.url, proxies)
        except LocationValueError as e:
            raise InvalidURL(e, request=request)
    
        self.cert_verify(conn, request.url, verify, cert)
        url = self.request_url(request, proxies)
        self.add_headers(request, stream=stream, timeout=timeout, verify=verify, cert=cert, proxies=proxies)
    
        chunked = not (request.body is None or 'Content-Length' in request.headers)
    
        if isinstance(timeout, tuple):
            try:
                connect, read = timeout
                timeout = TimeoutSauce(connect=connect, read=read)
            except ValueError as e:
                # this may raise a string formatting error.
                err = ("Invalid timeout {}. Pass a (connect, read) "
                       "timeout tuple, or a single float to set "
                       "both timeouts to the same value".format(timeout))
                raise ValueError(err)
        elif isinstance(timeout, TimeoutSauce):
            pass
        else:
            timeout = TimeoutSauce(connect=timeout, read=timeout)
    
        try:
            if not chunked:
                resp = conn.urlopen(
                    method=request.method,
                    url=url,
                    body=request.body,
                    headers=request.headers,
                    redirect=False,
                    assert_same_host=False,
                    preload_content=False,
                    decode_content=False,
                    retries=self.max_retries,
                    timeout=timeout
                )
    
            # Send the request.
            else:
                if hasattr(conn, 'proxy_pool'):
                    conn = conn.proxy_pool
    
                low_conn = conn._get_conn(timeout=DEFAULT_POOL_TIMEOUT)
    
                try:
                    skip_host = 'Host' in request.headers
                    low_conn.putrequest(request.method,
                                        url,
                                        skip_accept_encoding=True,
                                        skip_host=skip_host)
    
                    for header, value in request.headers.items():
                        low_conn.putheader(header, value)
    
                    low_conn.endheaders()
    
                    for i in request.body:
                        low_conn.send(hex(len(i))[2:].encode('utf-8'))
                        low_conn.send(b'\r\n')
                        low_conn.send(i)
                        low_conn.send(b'\r\n')
                    low_conn.send(b'0\r\n\r\n')
    
                    # Receive the response from the server
                    try:
                        # For Python 2.7, use buffering of HTTP responses
                        r = low_conn.getresponse(buffering=True)
                    except TypeError:
                        # For compatibility with Python 3.3+
                        r = low_conn.getresponse()
    
                    resp = HTTPResponse.from_httplib(
                        r,
                        pool=conn,
                        connection=low_conn,
                        preload_content=False,
                        decode_content=False
                    )
                except:
                    # If we hit any problems here, clean up the connection.
                    # Then, reraise so that we can handle the actual exception.
                    low_conn.close()
                    raise
    
        except (ProtocolError, socket.error) as err:
&gt;           raise ConnectionError(err, request=request)
E           requests.exceptions.ConnectionError: ('Connection aborted.', RemoteDisconnected('Remote end closed connection without response'))

../../../.conda/envs/flexiznam/lib/python3.9/site-packages/requests/adapters.py:501: ConnectionError</failure></testcase><testcase classname="tests.test_components.test_utils" name="test_add_missing_paths" time="136.098" /><testcase classname="tests.test_components.test_utils" name="test_check_attribute" time="179.852" /><testcase classname="tests.test_components.tests_schema.test_camera_data" name="test_create_directly" time="0.016" /><testcase classname="tests.test_components.tests_schema.test_camera_data" name="test_create_from_folder" time="5.108" /><testcase classname="tests.test_components.tests_schema.test_camera_data" name="test_create_from_flexilims" time="5.417" /><testcase classname="tests.test_components.tests_schema.test_datasets" name="test_dataset" time="0.006" /><testcase classname="tests.test_components.tests_schema.test_datasets" name="test_constructor" time="0.002" /><testcase classname="tests.test_components.tests_schema.test_datasets" name="test_dataset_flexilims_integration" time="4.634" /><testcase classname="tests.test_components.tests_schema.test_datasets" name="test_from_flexilims" time="4.014" /><testcase classname="tests.test_components.tests_schema.test_datasets" name="test_from_origin" time="7.367" /><testcase classname="tests.test_components.tests_schema.test_datasets" name="test_update_flexilims" time="30.840" /><testcase classname="tests.test_components.tests_schema.test_datasets" name="test_dataset_paths" time="1.809" /><testcase classname="tests.test_components.tests_schema.test_datasets" name="test_project_project_id" time="0.003" /><testcase classname="tests.test_components.tests_schema.test_harp" name="test_harp" time="0.786" /><testcase classname="tests.test_components.tests_schema.test_microscopy_data" name="test_from_folder" time="0.830" /><testcase classname="tests.test_components.tests_schema.test_scanimage_data" name="test_scanimage" time="4.306" /></testsuite></testsuites>